<?xml version="1.0" encoding="UTF-8" standalone="no"?>
<!DOCTYPE log SYSTEM "logger.dtd">
<log>
<record>
  <date>2015-02-04T19:37:07</date>
  <millis>1423078627231</millis>
  <sequence>0</sequence>
  <logger>ESPlorer.ESPlorer</logger>
  <level>INFO</level>
  <class>ESPlorer.ESPlorer</class>
  <method>log</method>
  <thread>12</thread>
  <message>Load saved settings...</message>
</record>
<record>
  <date>2015-02-04T19:37:07</date>
  <millis>1423078627427</millis>
  <sequence>1</sequence>
  <logger>ESPlorer.ESPlorer</logger>
  <level>INFO</level>
  <class>ESPlorer.ESPlorer</class>
  <method>log</method>
  <thread>12</thread>
  <message>Set new color theme: Success.</message>
</record>
<record>
  <date>2015-02-04T19:37:07</date>
  <millis>1423078627430</millis>
  <sequence>2</sequence>
  <logger>ESPlorer.ESPlorer</logger>
  <level>INFO</level>
  <class>ESPlorer.ESPlorer</class>
  <method>log</method>
  <thread>12</thread>
  <message>Load saved settings: DONE.</message>
</record>
<record>
  <date>2015-02-04T19:37:07</date>
  <millis>1423078627432</millis>
  <sequence>3</sequence>
  <logger>ESPlorer.ESPlorer</logger>
  <level>INFO</level>
  <class>ESPlorer.ESPlorer</class>
  <method>log</method>
  <thread>12</thread>
  <message>Snippets (LUA): loading...</message>
</record>
<record>
  <date>2015-02-04T19:37:07</date>
  <millis>1423078627434</millis>
  <sequence>4</sequence>
  <logger>ESPlorer.ESPlorer</logger>
  <level>INFO</level>
  <class>ESPlorer.ESPlorer</class>
  <method>log</method>
  <thread>12</thread>
  <message>Snippets (LUA) load: Success.</message>
</record>
<record>
  <date>2015-02-04T19:37:08</date>
  <millis>1423078628494</millis>
  <sequence>5</sequence>
  <logger>ESPlorer.ESPlorer</logger>
  <level>INFO</level>
  <class>ESPlorer.ESPlorer</class>
  <method>log</method>
  <thread>12</thread>
  <message>Scan system...</message>
</record>
<record>
  <date>2015-02-04T19:37:08</date>
  <millis>1423078628769</millis>
  <sequence>6</sequence>
  <logger>ESPlorer.ESPlorer</logger>
  <level>INFO</level>
  <class>ESPlorer.ESPlorer</class>
  <method>log</method>
  <thread>12</thread>
  <message>found /dev/ttyS0</message>
</record>
<record>
  <date>2015-02-04T19:37:08</date>
  <millis>1423078628770</millis>
  <sequence>7</sequence>
  <logger>ESPlorer.ESPlorer</logger>
  <level>INFO</level>
  <class>ESPlorer.ESPlorer</class>
  <method>log</method>
  <thread>12</thread>
  <message>found last saved serial port /dev/ttyUSB0</message>
</record>
<record>
  <date>2015-02-04T19:37:08</date>
  <millis>1423078628773</millis>
  <sequence>8</sequence>
  <logger>ESPlorer.ESPlorer</logger>
  <level>INFO</level>
  <class>ESPlorer.ESPlorer</class>
  <method>log</method>
  <thread>12</thread>
  <message>Scan done.</message>
</record>
<record>
  <date>2015-02-04T20:09:02</date>
  <millis>1423080542543</millis>
  <sequence>9</sequence>
  <logger>ESPlorer.ESPlorer</logger>
  <level>INFO</level>
  <class>ESPlorer.ESPlorer</class>
  <method>log</method>
  <thread>12</thread>
  <message>Try to open file init.lua</message>
</record>
<record>
  <date>2015-02-04T20:09:02</date>
  <millis>1423080542551</millis>
  <sequence>10</sequence>
  <logger>ESPlorer.ESPlorer</logger>
  <level>INFO</level>
  <class>ESPlorer.ESPlorer</class>
  <method>log</method>
  <thread>12</thread>
  <message>File name: /home/hamish/fishy-wifi/joinme/init.lua</message>
</record>
<record>
  <date>2015-02-04T20:09:02</date>
  <millis>1423080542552</millis>
  <sequence>11</sequence>
  <logger>ESPlorer.ESPlorer</logger>
  <level>INFO</level>
  <class>ESPlorer.ESPlorer</class>
  <method>log</method>
  <thread>12</thread>
  <message>Try to load file init.lua</message>
</record>
<record>
  <date>2015-02-04T20:09:02</date>
  <millis>1423080542681</millis>
  <sequence>12</sequence>
  <logger>ESPlorer.ESPlorer</logger>
  <level>INFO</level>
  <class>ESPlorer.ESPlorer</class>
  <method>log</method>
  <thread>12</thread>
  <message>Loading init.lua: Success.</message>
</record>
<record>
  <date>2015-02-04T20:09:02</date>
  <millis>1423080542682</millis>
  <sequence>13</sequence>
  <logger>ESPlorer.ESPlorer</logger>
  <level>INFO</level>
  <class>ESPlorer.ESPlorer</class>
  <method>log</method>
  <thread>12</thread>
  <message>Open "init.lua": Success.</message>
</record>
<record>
  <date>2015-02-04T20:09:07</date>
  <millis>1423080547316</millis>
  <sequence>14</sequence>
  <logger>ESPlorer.ESPlorer</logger>
  <level>INFO</level>
  <class>ESPlorer.ESPlorer</class>
  <method>log</method>
  <thread>12</thread>
  <message>Try to open file j.lua</message>
</record>
<record>
  <date>2015-02-04T20:09:07</date>
  <millis>1423080547317</millis>
  <sequence>15</sequence>
  <logger>ESPlorer.ESPlorer</logger>
  <level>INFO</level>
  <class>ESPlorer.ESPlorer</class>
  <method>log</method>
  <thread>12</thread>
  <message>File name: /home/hamish/fishy-wifi/joinme/j.lua</message>
</record>
<record>
  <date>2015-02-04T20:09:07</date>
  <millis>1423080547318</millis>
  <sequence>16</sequence>
  <logger>ESPlorer.ESPlorer</logger>
  <level>INFO</level>
  <class>ESPlorer.ESPlorer</class>
  <method>log</method>
  <thread>12</thread>
  <message>Try to load file j.lua</message>
</record>
<record>
  <date>2015-02-04T20:09:07</date>
  <millis>1423080547371</millis>
  <sequence>17</sequence>
  <logger>ESPlorer.ESPlorer</logger>
  <level>INFO</level>
  <class>ESPlorer.ESPlorer</class>
  <method>log</method>
  <thread>12</thread>
  <message>Loading j.lua: Success.</message>
</record>
<record>
  <date>2015-02-04T20:09:07</date>
  <millis>1423080547372</millis>
  <sequence>18</sequence>
  <logger>ESPlorer.ESPlorer</logger>
  <level>INFO</level>
  <class>ESPlorer.ESPlorer</class>
  <method>log</method>
  <thread>12</thread>
  <message>Open "j.lua": Success.</message>
</record>
<record>
  <date>2015-02-04T20:09:14</date>
  <millis>1423080554305</millis>
  <sequence>19</sequence>
  <logger>ESPlorer.ESPlorer</logger>
  <level>INFO</level>
  <class>ESPlorer.ESPlorer</class>
  <method>log</method>
  <thread>12</thread>
  <message>Try to open file f.lua</message>
</record>
<record>
  <date>2015-02-04T20:09:14</date>
  <millis>1423080554307</millis>
  <sequence>20</sequence>
  <logger>ESPlorer.ESPlorer</logger>
  <level>INFO</level>
  <class>ESPlorer.ESPlorer</class>
  <method>log</method>
  <thread>12</thread>
  <message>File name: /home/hamish/fishy-wifi/joinme/f.lua</message>
</record>
<record>
  <date>2015-02-04T20:09:14</date>
  <millis>1423080554309</millis>
  <sequence>21</sequence>
  <logger>ESPlorer.ESPlorer</logger>
  <level>INFO</level>
  <class>ESPlorer.ESPlorer</class>
  <method>log</method>
  <thread>12</thread>
  <message>Try to load file f.lua</message>
</record>
<record>
  <date>2015-02-04T20:09:14</date>
  <millis>1423080554343</millis>
  <sequence>22</sequence>
  <logger>ESPlorer.ESPlorer</logger>
  <level>INFO</level>
  <class>ESPlorer.ESPlorer</class>
  <method>log</method>
  <thread>12</thread>
  <message>Loading f.lua: Success.</message>
</record>
<record>
  <date>2015-02-04T20:09:14</date>
  <millis>1423080554344</millis>
  <sequence>23</sequence>
  <logger>ESPlorer.ESPlorer</logger>
  <level>INFO</level>
  <class>ESPlorer.ESPlorer</class>
  <method>log</method>
  <thread>12</thread>
  <message>Open "f.lua": Success.</message>
</record>
<record>
  <date>2015-02-04T20:09:17</date>
  <millis>1423080557930</millis>
  <sequence>24</sequence>
  <logger>ESPlorer.ESPlorer</logger>
  <level>INFO</level>
  <class>ESPlorer.ESPlorer</class>
  <method>log</method>
  <thread>12</thread>
  <message>Serial port /dev/ttyUSB0 save as default.</message>
</record>
<record>
  <date>2015-02-04T20:09:17</date>
  <millis>1423080557933</millis>
  <sequence>25</sequence>
  <logger>ESPlorer.ESPlorer</logger>
  <level>INFO</level>
  <class>ESPlorer.ESPlorer</class>
  <method>log</method>
  <thread>12</thread>
  <message>Baud rate 9600 save as default.</message>
</record>
<record>
  <date>2015-02-04T20:09:17</date>
  <millis>1423080557935</millis>
  <sequence>26</sequence>
  <logger>ESPlorer.ESPlorer</logger>
  <level>INFO</level>
  <class>ESPlorer.ESPlorer</class>
  <method>log</method>
  <thread>12</thread>
  <message>Try to open port /dev/ttyUSB0, baud 9600, 8N1</message>
</record>
<record>
  <date>2015-02-04T20:09:17</date>
  <millis>1423080557945</millis>
  <sequence>27</sequence>
  <logger>ESPlorer.ESPlorer</logger>
  <level>INFO</level>
  <class>ESPlorer.ESPlorer</class>
  <method>log</method>
  <thread>12</thread>
  <message>Open port /dev/ttyUSB0 - Success.</message>
</record>
<record>
  <date>2015-02-04T20:09:20</date>
  <millis>1423080560427</millis>
  <sequence>28</sequence>
  <logger>ESPlorer.ESPlorer</logger>
  <level>INFO</level>
  <class>ESPlorer.ESPlorer</class>
  <method>log</method>
  <thread>12</thread>
  <message>DataSender: start "Smart Mode"</message>
</record>
<record>
  <date>2015-02-04T20:09:20</date>
  <millis>1423080560428</millis>
  <sequence>29</sequence>
  <logger>ESPlorer.ESPlorer</logger>
  <level>INFO</level>
  <class>ESPlorer.ESPlorer</class>
  <method>log</method>
  <thread>12</thread>
  <message>SendToESP: Starting...</message>
</record>
<record>
  <date>2015-02-04T20:09:20</date>
  <millis>1423080560472</millis>
  <sequence>30</sequence>
  <logger>ESPlorer.ESPlorer</logger>
  <level>INFO</level>
  <class>ESPlorer.ESPlorer</class>
  <method>log</method>
  <thread>12</thread>
  <message>send:ver1, ver2, ver3 = node.info()&lt;CR&gt;&lt;LF&gt;</message>
</record>
<record>
  <date>2015-02-04T20:09:20</date>
  <millis>1423080560501</millis>
  <sequence>31</sequence>
  <logger>ESPlorer.ESPlorer</logger>
  <level>INFO</level>
  <class>ESPlorer.ESPlorer</class>
  <method>log</method>
  <thread>30</thread>
  <message>recv:v</message>
</record>
<record>
  <date>2015-02-04T20:09:20</date>
  <millis>1423080560506</millis>
  <sequence>32</sequence>
  <logger>ESPlorer.ESPlorer</logger>
  <level>INFO</level>
  <class>ESPlorer.ESPlorer</class>
  <method>log</method>
  <thread>30</thread>
  <message>recv:er1, </message>
</record>
<record>
  <date>2015-02-04T20:09:20</date>
  <millis>1423080560510</millis>
  <sequence>33</sequence>
  <logger>ESPlorer.ESPlorer</logger>
  <level>INFO</level>
  <class>ESPlorer.ESPlorer</class>
  <method>log</method>
  <thread>30</thread>
  <message>recv:ver2</message>
</record>
<record>
  <date>2015-02-04T20:09:20</date>
  <millis>1423080560514</millis>
  <sequence>34</sequence>
  <logger>ESPlorer.ESPlorer</logger>
  <level>INFO</level>
  <class>ESPlorer.ESPlorer</class>
  <method>log</method>
  <thread>30</thread>
  <message>recv:, v</message>
</record>
<record>
  <date>2015-02-04T20:09:20</date>
  <millis>1423080560518</millis>
  <sequence>35</sequence>
  <logger>ESPlorer.ESPlorer</logger>
  <level>INFO</level>
  <class>ESPlorer.ESPlorer</class>
  <method>log</method>
  <thread>30</thread>
  <message>recv:er3 </message>
</record>
<record>
  <date>2015-02-04T20:09:20</date>
  <millis>1423080560521</millis>
  <sequence>36</sequence>
  <logger>ESPlorer.ESPlorer</logger>
  <level>INFO</level>
  <class>ESPlorer.ESPlorer</class>
  <method>log</method>
  <thread>30</thread>
  <message>recv:= no</message>
</record>
<record>
  <date>2015-02-04T20:09:20</date>
  <millis>1423080560526</millis>
  <sequence>37</sequence>
  <logger>ESPlorer.ESPlorer</logger>
  <level>INFO</level>
  <class>ESPlorer.ESPlorer</class>
  <method>log</method>
  <thread>30</thread>
  <message>recv:de.i</message>
</record>
<record>
  <date>2015-02-04T20:09:20</date>
  <millis>1423080560581</millis>
  <sequence>38</sequence>
  <logger>ESPlorer.ESPlorer</logger>
  <level>INFO</level>
  <class>ESPlorer.ESPlorer</class>
  <method>log</method>
  <thread>30</thread>
  <message>recv:n</message>
</record>
<record>
  <date>2015-02-04T20:09:20</date>
  <millis>1423080560584</millis>
  <sequence>39</sequence>
  <logger>ESPlorer.ESPlorer</logger>
  <level>INFO</level>
  <class>ESPlorer.ESPlorer</class>
  <method>log</method>
  <thread>30</thread>
  <message>recv:fo(</message>
</record>
<record>
  <date>2015-02-04T20:09:20</date>
  <millis>1423080560598</millis>
  <sequence>40</sequence>
  <logger>ESPlorer.ESPlorer</logger>
  <level>INFO</level>
  <class>ESPlorer.ESPlorer</class>
  <method>log</method>
  <thread>30</thread>
  <message>recv:)&lt;CR&gt;&lt;LF&gt;</message>
</record>
<record>
  <date>2015-02-04T20:09:20</date>
  <millis>1423080560613</millis>
  <sequence>41</sequence>
  <logger>ESPlorer.ESPlorer</logger>
  <level>INFO</level>
  <class>ESPlorer.ESPlorer</class>
  <method>log</method>
  <thread>12</thread>
  <message>send:print(ver1, ver2, ver3)&lt;CR&gt;&lt;LF&gt;</message>
</record>
<record>
  <date>2015-02-04T20:09:20</date>
  <millis>1423080560666</millis>
  <sequence>42</sequence>
  <logger>ESPlorer.ESPlorer</logger>
  <level>INFO</level>
  <class>ESPlorer.ESPlorer</class>
  <method>log</method>
  <thread>30</thread>
  <message>recv:1</message>
</record>
<record>
  <date>2015-02-04T20:09:20</date>
  <millis>1423080560673</millis>
  <sequence>43</sequence>
  <logger>ESPlorer.ESPlorer</logger>
  <level>INFO</level>
  <class>ESPlorer.ESPlorer</class>
  <method>log</method>
  <thread>30</thread>
  <message>recv:2&gt; </message>
</record>
<record>
  <date>2015-02-04T20:09:20</date>
  <millis>1423080560746</millis>
  <sequence>44</sequence>
  <logger>ESPlorer.ESPlorer</logger>
  <level>INFO</level>
  <class>ESPlorer.ESPlorer</class>
  <method>log</method>
  <thread>30</thread>
  <message>recv:pr</message>
</record>
<record>
  <date>2015-02-04T20:09:20</date>
  <millis>1423080560750</millis>
  <sequence>45</sequence>
  <logger>ESPlorer.ESPlorer</logger>
  <level>INFO</level>
  <class>ESPlorer.ESPlorer</class>
  <method>log</method>
  <thread>30</thread>
  <message>recv:int</message>
</record>
<record>
  <date>2015-02-04T20:09:20</date>
  <millis>1423080560756</millis>
  <sequence>46</sequence>
  <logger>ESPlorer.ESPlorer</logger>
  <level>INFO</level>
  <class>ESPlorer.ESPlorer</class>
  <method>log</method>
  <thread>30</thread>
  <message>recv:(ver1,</message>
</record>
<record>
  <date>2015-02-04T20:09:20</date>
  <millis>1423080560762</millis>
  <sequence>47</sequence>
  <logger>ESPlorer.ESPlorer</logger>
  <level>INFO</level>
  <class>ESPlorer.ESPlorer</class>
  <method>log</method>
  <thread>30</thread>
  <message>recv: ver2</message>
</record>
<record>
  <date>2015-02-04T20:09:20</date>
  <millis>1423080560767</millis>
  <sequence>48</sequence>
  <logger>ESPlorer.ESPlorer</logger>
  <level>INFO</level>
  <class>ESPlorer.ESPlorer</class>
  <method>log</method>
  <thread>30</thread>
  <message>recv:, ver3</message>
</record>
<record>
  <date>2015-02-04T20:09:20</date>
  <millis>1423080560773</millis>
  <sequence>49</sequence>
  <logger>ESPlorer.ESPlorer</logger>
  <level>INFO</level>
  <class>ESPlorer.ESPlorer</class>
  <method>log</method>
  <thread>30</thread>
  <message>recv:)&lt;CR&gt;&lt;LF&gt;</message>
</record>
<record>
  <date>2015-02-04T20:09:20</date>
  <millis>1423080560816</millis>
  <sequence>50</sequence>
  <logger>ESPlorer.ESPlorer</logger>
  <level>INFO</level>
  <class>ESPlorer.ESPlorer</class>
  <method>log</method>
  <thread>30</thread>
  <message>DataSender: Done. Duration = 414 ms</message>
</record>
<record>
  <date>2015-02-04T20:09:24</date>
  <millis>1423080564898</millis>
  <sequence>51</sequence>
  <logger>ESPlorer.ESPlorer</logger>
  <level>INFO</level>
  <class>ESPlorer.ESPlorer</class>
  <method>log</method>
  <thread>12</thread>
  <message>FileSaveESP: Try to save file to ESP...</message>
</record>
<record>
  <date>2015-02-04T20:09:24</date>
  <millis>1423080564899</millis>
  <sequence>52</sequence>
  <logger>ESPlorer.ESPlorer</logger>
  <level>INFO</level>
  <class>ESPlorer.ESPlorer</class>
  <method>log</method>
  <thread>12</thread>
  <message>FileSaveESP-Turbo: Try to save file to ESP in Turbo Mode...</message>
</record>
<record>
  <date>2015-02-04T20:09:24</date>
  <millis>1423080564911</millis>
  <sequence>53</sequence>
  <logger>ESPlorer.ESPlorer</logger>
  <level>INFO</level>
  <class>ESPlorer.ESPlorer</class>
  <method>log</method>
  <thread>12</thread>
  <message>DataTurboSender: start "Smart Mode"</message>
</record>
<record>
  <date>2015-02-04T20:09:24</date>
  <millis>1423080564912</millis>
  <sequence>54</sequence>
  <logger>ESPlorer.ESPlorer</logger>
  <level>INFO</level>
  <class>ESPlorer.ESPlorer</class>
  <method>log</method>
  <thread>12</thread>
  <message>FileSaveESP-Turbo: Starting...</message>
</record>
<record>
  <date>2015-02-04T20:09:24</date>
  <millis>1423080564946</millis>
  <sequence>55</sequence>
  <logger>ESPlorer.ESPlorer</logger>
  <level>INFO</level>
  <class>ESPlorer.ESPlorer</class>
  <method>log</method>
  <thread>12</thread>
  <message>send:FILE="f.lua" file.remove(FILE) file.open(FILE,"w+") uart.setup(0,9600,8,0,1,0)</message>
</record>
<record>
  <date>2015-02-04T20:09:24</date>
  <millis>1423080564994</millis>
  <sequence>56</sequence>
  <logger>ESPlorer.ESPlorer</logger>
  <level>INFO</level>
  <class>ESPlorer.ESPlorer</class>
  <method>log</method>
  <thread>32</thread>
  <message>recv:F</message>
</record>
<record>
  <date>2015-02-04T20:09:24</date>
  <millis>1423080564997</millis>
  <sequence>57</sequence>
  <logger>ESPlorer.ESPlorer</logger>
  <level>INFO</level>
  <class>ESPlorer.ESPlorer</class>
  <method>log</method>
  <thread>32</thread>
  <message>recv:ILE=</message>
</record>
<record>
  <date>2015-02-04T20:09:25</date>
  <millis>1423080565004</millis>
  <sequence>58</sequence>
  <logger>ESPlorer.ESPlorer</logger>
  <level>INFO</level>
  <class>ESPlorer.ESPlorer</class>
  <method>log</method>
  <thread>32</thread>
  <message>recv:"f.lua</message>
</record>
<record>
  <date>2015-02-04T20:09:25</date>
  <millis>1423080565009</millis>
  <sequence>59</sequence>
  <logger>ESPlorer.ESPlorer</logger>
  <level>INFO</level>
  <class>ESPlorer.ESPlorer</class>
  <method>log</method>
  <thread>32</thread>
  <message>recv:" fil</message>
</record>
<record>
  <date>2015-02-04T20:09:25</date>
  <millis>1423080565014</millis>
  <sequence>60</sequence>
  <logger>ESPlorer.ESPlorer</logger>
  <level>INFO</level>
  <class>ESPlorer.ESPlorer</class>
  <method>log</method>
  <thread>32</thread>
  <message>recv:e.rem</message>
</record>
<record>
  <date>2015-02-04T20:09:25</date>
  <millis>1423080565020</millis>
  <sequence>61</sequence>
  <logger>ESPlorer.ESPlorer</logger>
  <level>INFO</level>
  <class>ESPlorer.ESPlorer</class>
  <method>log</method>
  <thread>32</thread>
  <message>recv:o</message>
</record>
<record>
  <date>2015-02-04T20:09:25</date>
  <millis>1423080565025</millis>
  <sequence>62</sequence>
  <logger>ESPlorer.ESPlorer</logger>
  <level>INFO</level>
  <class>ESPlorer.ESPlorer</class>
  <method>log</method>
  <thread>32</thread>
  <message>recv:ve(FILE) f</message>
</record>
<record>
  <date>2015-02-04T20:09:25</date>
  <millis>1423080565031</millis>
  <sequence>63</sequence>
  <logger>ESPlorer.ESPlorer</logger>
  <level>INFO</level>
  <class>ESPlorer.ESPlorer</class>
  <method>log</method>
  <thread>32</thread>
  <message>recv:ile.op</message>
</record>
<record>
  <date>2015-02-04T20:09:25</date>
  <millis>1423080565034</millis>
  <sequence>64</sequence>
  <logger>ESPlorer.ESPlorer</logger>
  <level>INFO</level>
  <class>ESPlorer.ESPlorer</class>
  <method>log</method>
  <thread>32</thread>
  <message>recv:en</message>
</record>
<record>
  <date>2015-02-04T20:09:25</date>
  <millis>1423080565038</millis>
  <sequence>65</sequence>
  <logger>ESPlorer.ESPlorer</logger>
  <level>INFO</level>
  <class>ESPlorer.ESPlorer</class>
  <method>log</method>
  <thread>32</thread>
  <message>recv:(F</message>
</record>
<record>
  <date>2015-02-04T20:09:25</date>
  <millis>1423080565073</millis>
  <sequence>66</sequence>
  <logger>ESPlorer.ESPlorer</logger>
  <level>INFO</level>
  <class>ESPlorer.ESPlorer</class>
  <method>log</method>
  <thread>32</thread>
  <message>recv:I</message>
</record>
<record>
  <date>2015-02-04T20:09:25</date>
  <millis>1423080565077</millis>
  <sequence>67</sequence>
  <logger>ESPlorer.ESPlorer</logger>
  <level>INFO</level>
  <class>ESPlorer.ESPlorer</class>
  <method>log</method>
  <thread>32</thread>
  <message>recv:LE,</message>
</record>
<record>
  <date>2015-02-04T20:09:25</date>
  <millis>1423080565082</millis>
  <sequence>68</sequence>
  <logger>ESPlorer.ESPlorer</logger>
  <level>INFO</level>
  <class>ESPlorer.ESPlorer</class>
  <method>log</method>
  <thread>32</thread>
  <message>recv:"w+")</message>
</record>
<record>
  <date>2015-02-04T20:09:25</date>
  <millis>1423080565092</millis>
  <sequence>69</sequence>
  <logger>ESPlorer.ESPlorer</logger>
  <level>INFO</level>
  <class>ESPlorer.ESPlorer</class>
  <method>log</method>
  <thread>32</thread>
  <message>recv: uart.setu</message>
</record>
<record>
  <date>2015-02-04T20:09:25</date>
  <millis>1423080565098</millis>
  <sequence>70</sequence>
  <logger>ESPlorer.ESPlorer</logger>
  <level>INFO</level>
  <class>ESPlorer.ESPlorer</class>
  <method>log</method>
  <thread>32</thread>
  <message>recv:p(0,9</message>
</record>
<record>
  <date>2015-02-04T20:09:25</date>
  <millis>1423080565112</millis>
  <sequence>71</sequence>
  <logger>ESPlorer.ESPlorer</logger>
  <level>INFO</level>
  <class>ESPlorer.ESPlorer</class>
  <method>log</method>
  <thread>32</thread>
  <message>recv:600,8,0,1,0)&lt;CR&gt;&lt;LF&gt;</message>
</record>
<record>
  <date>2015-02-04T20:09:25</date>
  <millis>1423080565493</millis>
  <sequence>72</sequence>
  <logger>ESPlorer.ESPlorer</logger>
  <level>INFO</level>
  <class>ESPlorer.ESPlorer</class>
  <method>log</method>
  <thread>32</thread>
  <message>recv:1</message>
</record>
<record>
  <date>2015-02-04T20:09:25</date>
  <millis>1423080565500</millis>
  <sequence>73</sequence>
  <logger>ESPlorer.ESPlorer</logger>
  <level>INFO</level>
  <class>ESPlorer.ESPlorer</class>
  <method>log</method>
  <thread>32</thread>
  <message>recv:2&gt; </message>
</record>
<record>
  <date>2015-02-04T20:09:25</date>
  <millis>1423080565520</millis>
  <sequence>74</sequence>
  <logger>ESPlorer.ESPlorer</logger>
  <level>INFO</level>
  <class>ESPlorer.ESPlorer</class>
  <method>log</method>
  <thread>12</thread>
  <message>send:ESP_Receiver=function(rcvBuf) if string.match(rcvBuf,"^ESP_cmd_close")==nil then file.write(string.gsub(rcvBuf, '\r', '')) uart.write(0, "&gt; ") else uart.on("data") </message>
</record>
<record>
  <date>2015-02-04T20:09:25</date>
  <millis>1423080565818</millis>
  <sequence>75</sequence>
  <logger>ESPlorer.ESPlorer</logger>
  <level>INFO</level>
  <class>ESPlorer.ESPlorer</class>
  <method>log</method>
  <thread>32</thread>
  <message>recv:1</message>
</record>
<record>
  <date>2015-02-04T20:09:25</date>
  <millis>1423080565823</millis>
  <sequence>76</sequence>
  <logger>ESPlorer.ESPlorer</logger>
  <level>INFO</level>
  <class>ESPlorer.ESPlorer</class>
  <method>log</method>
  <thread>32</thread>
  <message>recv:2&gt;&gt; </message>
</record>
<record>
  <date>2015-02-04T20:09:25</date>
  <millis>1423080565841</millis>
  <sequence>77</sequence>
  <logger>ESPlorer.ESPlorer</logger>
  <level>INFO</level>
  <class>ESPlorer.ESPlorer</class>
  <method>log</method>
  <thread>12</thread>
  <message>send:file.flush() file.close() FILE=nil rcvBuf=nil ESP_Receiver=nil uart.setup(0,9600,8,0,1,1) str="\r\n--Done--\r\n&gt; " print(str) str=nil collectgarbage() end end uart.on("data",'\r',ESP_Receiver,0)</message>
</record>
<record>
  <date>2015-02-04T20:09:26</date>
  <millis>1423080566149</millis>
  <sequence>78</sequence>
  <logger>ESPlorer.ESPlorer</logger>
  <level>INFO</level>
  <class>ESPlorer.ESPlorer</class>
  <method>log</method>
  <thread>32</thread>
  <message>recv:1</message>
</record>
<record>
  <date>2015-02-04T20:09:26</date>
  <millis>1423080566153</millis>
  <sequence>79</sequence>
  <logger>ESPlorer.ESPlorer</logger>
  <level>INFO</level>
  <class>ESPlorer.ESPlorer</class>
  <method>log</method>
  <thread>32</thread>
  <message>recv:2&gt; </message>
</record>
<record>
  <date>2015-02-04T20:09:26</date>
  <millis>1423080566175</millis>
  <sequence>80</sequence>
  <logger>ESPlorer.ESPlorer</logger>
  <level>INFO</level>
  <class>ESPlorer.ESPlorer</class>
  <method>log</method>
  <thread>12</thread>
  <message>send:-- f.lua -- fishy sensors etc.

f={}
function f.run()
  -- TODO read sensors and report on MQTT; fiddle with actuators
  print("f.run...")             -- DEBUG
  return nil
end
return f
</message>
</record>
<record>
  <date>2015-02-04T20:09:26</date>
  <millis>1423080566391</millis>
  <sequence>81</sequence>
  <logger>ESPlorer.ESPlorer</logger>
  <level>INFO</level>
  <class>ESPlorer.ESPlorer</class>
  <method>log</method>
  <thread>32</thread>
  <message>recv:&gt;</message>
</record>
<record>
  <date>2015-02-04T20:09:26</date>
  <millis>1423080566394</millis>
  <sequence>82</sequence>
  <logger>ESPlorer.ESPlorer</logger>
  <level>INFO</level>
  <class>ESPlorer.ESPlorer</class>
  <method>log</method>
  <thread>32</thread>
  <message>recv: </message>
</record>
<record>
  <date>2015-02-04T20:09:26</date>
  <millis>1423080566410</millis>
  <sequence>83</sequence>
  <logger>ESPlorer.ESPlorer</logger>
  <level>INFO</level>
  <class>ESPlorer.ESPlorer</class>
  <method>log</method>
  <thread>12</thread>
  <message>send:ESP_cmd_close</message>
</record>
<record>
  <date>2015-02-04T20:09:26</date>
  <millis>1423080566478</millis>
  <sequence>84</sequence>
  <logger>ESPlorer.ESPlorer</logger>
  <level>INFO</level>
  <class>ESPlorer.ESPlorer</class>
  <method>log</method>
  <thread>32</thread>
  <message>recv:&lt;CR&gt;</message>
</record>
<record>
  <date>2015-02-04T20:09:26</date>
  <millis>1423080566481</millis>
  <sequence>85</sequence>
  <logger>ESPlorer.ESPlorer</logger>
  <level>INFO</level>
  <class>ESPlorer.ESPlorer</class>
  <method>log</method>
  <thread>32</thread>
  <message>recv:&lt;LF&gt;--</message>
</record>
<record>
  <date>2015-02-04T20:09:26</date>
  <millis>1423080566488</millis>
  <sequence>86</sequence>
  <logger>ESPlorer.ESPlorer</logger>
  <level>INFO</level>
  <class>ESPlorer.ESPlorer</class>
  <method>log</method>
  <thread>32</thread>
  <message>recv:Done--&lt;CR&gt;</message>
</record>
<record>
  <date>2015-02-04T20:09:26</date>
  <millis>1423080566492</millis>
  <sequence>87</sequence>
  <logger>ESPlorer.ESPlorer</logger>
  <level>INFO</level>
  <class>ESPlorer.ESPlorer</class>
  <method>log</method>
  <thread>32</thread>
  <message>recv:&lt;LF&gt;&gt; &lt;CR&gt;</message>
</record>
<record>
  <date>2015-02-04T20:09:26</date>
  <millis>1423080566496</millis>
  <sequence>88</sequence>
  <logger>ESPlorer.ESPlorer</logger>
  <level>INFO</level>
  <class>ESPlorer.ESPlorer</class>
  <method>log</method>
  <thread>32</thread>
  <message>recv:&lt;LF&gt;</message>
</record>
<record>
  <date>2015-02-04T20:09:26</date>
  <millis>1423080566511</millis>
  <sequence>89</sequence>
  <logger>ESPlorer.ESPlorer</logger>
  <level>INFO</level>
  <class>ESPlorer.ESPlorer</class>
  <method>log</method>
  <thread>12</thread>
  <message>send:&lt;CR&gt;&lt;LF&gt;</message>
</record>
<record>
  <date>2015-02-04T20:09:26</date>
  <millis>1423080566559</millis>
  <sequence>90</sequence>
  <logger>ESPlorer.ESPlorer</logger>
  <level>INFO</level>
  <class>ESPlorer.ESPlorer</class>
  <method>log</method>
  <thread>32</thread>
  <message>recv:&lt;CR&gt;&lt;LF&gt;</message>
</record>
<record>
  <date>2015-02-04T20:09:26</date>
  <millis>1423080566564</millis>
  <sequence>91</sequence>
  <logger>ESPlorer.ESPlorer</logger>
  <level>INFO</level>
  <class>ESPlorer.ESPlorer</class>
  <method>log</method>
  <thread>32</thread>
  <message>recv:12&gt; &lt;CR&gt;</message>
</record>
<record>
  <date>2015-02-04T20:09:26</date>
  <millis>1423080566602</millis>
  <sequence>92</sequence>
  <logger>ESPlorer.ESPlorer</logger>
  <level>INFO</level>
  <class>ESPlorer.ESPlorer</class>
  <method>log</method>
  <thread>32</thread>
  <message>DataSender: Done. Duration = 1702 ms</message>
</record>
<record>
  <date>2015-02-04T20:09:29</date>
  <millis>1423080569234</millis>
  <sequence>93</sequence>
  <logger>ESPlorer.ESPlorer</logger>
  <level>INFO</level>
  <class>ESPlorer.ESPlorer</class>
  <method>log</method>
  <thread>12</thread>
  <message>FileSaveESP: Try to save file to ESP...</message>
</record>
<record>
  <date>2015-02-04T20:09:29</date>
  <millis>1423080569237</millis>
  <sequence>94</sequence>
  <logger>ESPlorer.ESPlorer</logger>
  <level>INFO</level>
  <class>ESPlorer.ESPlorer</class>
  <method>log</method>
  <thread>12</thread>
  <message>FileSaveESP-Turbo: Try to save file to ESP in Turbo Mode...</message>
</record>
<record>
  <date>2015-02-04T20:09:29</date>
  <millis>1423080569255</millis>
  <sequence>95</sequence>
  <logger>ESPlorer.ESPlorer</logger>
  <level>INFO</level>
  <class>ESPlorer.ESPlorer</class>
  <method>log</method>
  <thread>12</thread>
  <message>DataTurboSender: start "Smart Mode"</message>
</record>
<record>
  <date>2015-02-04T20:09:29</date>
  <millis>1423080569257</millis>
  <sequence>96</sequence>
  <logger>ESPlorer.ESPlorer</logger>
  <level>INFO</level>
  <class>ESPlorer.ESPlorer</class>
  <method>log</method>
  <thread>12</thread>
  <message>FileSaveESP-Turbo: Starting...</message>
</record>
<record>
  <date>2015-02-04T20:09:29</date>
  <millis>1423080569292</millis>
  <sequence>97</sequence>
  <logger>ESPlorer.ESPlorer</logger>
  <level>INFO</level>
  <class>ESPlorer.ESPlorer</class>
  <method>log</method>
  <thread>12</thread>
  <message>send:FILE="j.lua" file.remove(FILE) file.open(FILE,"w+") uart.setup(0,9600,8,0,1,0)</message>
</record>
<record>
  <date>2015-02-04T20:09:29</date>
  <millis>1423080569360</millis>
  <sequence>98</sequence>
  <logger>ESPlorer.ESPlorer</logger>
  <level>INFO</level>
  <class>ESPlorer.ESPlorer</class>
  <method>log</method>
  <thread>34</thread>
  <message>recv:F</message>
</record>
<record>
  <date>2015-02-04T20:09:29</date>
  <millis>1423080569363</millis>
  <sequence>99</sequence>
  <logger>ESPlorer.ESPlorer</logger>
  <level>INFO</level>
  <class>ESPlorer.ESPlorer</class>
  <method>log</method>
  <thread>34</thread>
  <message>recv:ILE=</message>
</record>
<record>
  <date>2015-02-04T20:09:29</date>
  <millis>1423080569368</millis>
  <sequence>100</sequence>
  <logger>ESPlorer.ESPlorer</logger>
  <level>INFO</level>
  <class>ESPlorer.ESPlorer</class>
  <method>log</method>
  <thread>34</thread>
  <message>recv:"j.l</message>
</record>
<record>
  <date>2015-02-04T20:09:29</date>
  <millis>1423080569372</millis>
  <sequence>101</sequence>
  <logger>ESPlorer.ESPlorer</logger>
  <level>INFO</level>
  <class>ESPlorer.ESPlorer</class>
  <method>log</method>
  <thread>34</thread>
  <message>recv:ua" </message>
</record>
<record>
  <date>2015-02-04T20:09:29</date>
  <millis>1423080569377</millis>
  <sequence>102</sequence>
  <logger>ESPlorer.ESPlorer</logger>
  <level>INFO</level>
  <class>ESPlorer.ESPlorer</class>
  <method>log</method>
  <thread>34</thread>
  <message>recv:file.</message>
</record>
<record>
  <date>2015-02-04T20:09:29</date>
  <millis>1423080569382</millis>
  <sequence>103</sequence>
  <logger>ESPlorer.ESPlorer</logger>
  <level>INFO</level>
  <class>ESPlorer.ESPlorer</class>
  <method>log</method>
  <thread>34</thread>
  <message>recv:remov</message>
</record>
<record>
  <date>2015-02-04T20:09:29</date>
  <millis>1423080569387</millis>
  <sequence>104</sequence>
  <logger>ESPlorer.ESPlorer</logger>
  <level>INFO</level>
  <class>ESPlorer.ESPlorer</class>
  <method>log</method>
  <thread>34</thread>
  <message>recv:e(FIL</message>
</record>
<record>
  <date>2015-02-04T20:09:29</date>
  <millis>1423080569392</millis>
  <sequence>105</sequence>
  <logger>ESPlorer.ESPlorer</logger>
  <level>INFO</level>
  <class>ESPlorer.ESPlorer</class>
  <method>log</method>
  <thread>34</thread>
  <message>recv:E) fi</message>
</record>
<record>
  <date>2015-02-04T20:09:29</date>
  <millis>1423080569399</millis>
  <sequence>106</sequence>
  <logger>ESPlorer.ESPlorer</logger>
  <level>INFO</level>
  <class>ESPlorer.ESPlorer</class>
  <method>log</method>
  <thread>34</thread>
  <message>recv:le.ope</message>
</record>
<record>
  <date>2015-02-04T20:09:29</date>
  <millis>1423080569404</millis>
  <sequence>107</sequence>
  <logger>ESPlorer.ESPlorer</logger>
  <level>INFO</level>
  <class>ESPlorer.ESPlorer</class>
  <method>log</method>
  <thread>34</thread>
  <message>recv:n(FIL</message>
</record>
<record>
  <date>2015-02-04T20:09:29</date>
  <millis>1423080569409</millis>
  <sequence>108</sequence>
  <logger>ESPlorer.ESPlorer</logger>
  <level>INFO</level>
  <class>ESPlorer.ESPlorer</class>
  <method>log</method>
  <thread>34</thread>
  <message>recv:E,"w+</message>
</record>
<record>
  <date>2015-02-04T20:09:29</date>
  <millis>1423080569414</millis>
  <sequence>109</sequence>
  <logger>ESPlorer.ESPlorer</logger>
  <level>INFO</level>
  <class>ESPlorer.ESPlorer</class>
  <method>log</method>
  <thread>34</thread>
  <message>recv:") ua</message>
</record>
<record>
  <date>2015-02-04T20:09:29</date>
  <millis>1423080569420</millis>
  <sequence>110</sequence>
  <logger>ESPlorer.ESPlorer</logger>
  <level>INFO</level>
  <class>ESPlorer.ESPlorer</class>
  <method>log</method>
  <thread>34</thread>
  <message>recv:rt.se</message>
</record>
<record>
  <date>2015-02-04T20:09:29</date>
  <millis>1423080569425</millis>
  <sequence>111</sequence>
  <logger>ESPlorer.ESPlorer</logger>
  <level>INFO</level>
  <class>ESPlorer.ESPlorer</class>
  <method>log</method>
  <thread>34</thread>
  <message>recv:tu</message>
</record>
<record>
  <date>2015-02-04T20:09:29</date>
  <millis>1423080569440</millis>
  <sequence>112</sequence>
  <logger>ESPlorer.ESPlorer</logger>
  <level>INFO</level>
  <class>ESPlorer.ESPlorer</class>
  <method>log</method>
  <thread>34</thread>
  <message>recv:p</message>
</record>
<record>
  <date>2015-02-04T20:09:29</date>
  <millis>1423080569445</millis>
  <sequence>113</sequence>
  <logger>ESPlorer.ESPlorer</logger>
  <level>INFO</level>
  <class>ESPlorer.ESPlorer</class>
  <method>log</method>
  <thread>34</thread>
  <message>recv:(0,960</message>
</record>
<record>
  <date>2015-02-04T20:09:29</date>
  <millis>1423080569451</millis>
  <sequence>114</sequence>
  <logger>ESPlorer.ESPlorer</logger>
  <level>INFO</level>
  <class>ESPlorer.ESPlorer</class>
  <method>log</method>
  <thread>34</thread>
  <message>recv:0,8,0</message>
</record>
<record>
  <date>2015-02-04T20:09:29</date>
  <millis>1423080569456</millis>
  <sequence>115</sequence>
  <logger>ESPlorer.ESPlorer</logger>
  <level>INFO</level>
  <class>ESPlorer.ESPlorer</class>
  <method>log</method>
  <thread>34</thread>
  <message>recv:,1,0)</message>
</record>
<record>
  <date>2015-02-04T20:09:29</date>
  <millis>1423080569461</millis>
  <sequence>116</sequence>
  <logger>ESPlorer.ESPlorer</logger>
  <level>INFO</level>
  <class>ESPlorer.ESPlorer</class>
  <method>log</method>
  <thread>34</thread>
  <message>recv:&lt;CR&gt;&lt;LF&gt;</message>
</record>
<record>
  <date>2015-02-04T20:09:29</date>
  <millis>1423080569860</millis>
  <sequence>117</sequence>
  <logger>ESPlorer.ESPlorer</logger>
  <level>INFO</level>
  <class>ESPlorer.ESPlorer</class>
  <method>log</method>
  <thread>34</thread>
  <message>recv:1</message>
</record>
<record>
  <date>2015-02-04T20:09:29</date>
  <millis>1423080569865</millis>
  <sequence>118</sequence>
  <logger>ESPlorer.ESPlorer</logger>
  <level>INFO</level>
  <class>ESPlorer.ESPlorer</class>
  <method>log</method>
  <thread>34</thread>
  <message>recv:2&gt; </message>
</record>
<record>
  <date>2015-02-04T20:09:29</date>
  <millis>1423080569885</millis>
  <sequence>119</sequence>
  <logger>ESPlorer.ESPlorer</logger>
  <level>INFO</level>
  <class>ESPlorer.ESPlorer</class>
  <method>log</method>
  <thread>12</thread>
  <message>send:ESP_Receiver=function(rcvBuf) if string.match(rcvBuf,"^ESP_cmd_close")==nil then file.write(string.gsub(rcvBuf, '\r', '')) uart.write(0, "&gt; ") else uart.on("data") </message>
</record>
<record>
  <date>2015-02-04T20:09:30</date>
  <millis>1423080570185</millis>
  <sequence>120</sequence>
  <logger>ESPlorer.ESPlorer</logger>
  <level>INFO</level>
  <class>ESPlorer.ESPlorer</class>
  <method>log</method>
  <thread>34</thread>
  <message>recv:1</message>
</record>
<record>
  <date>2015-02-04T20:09:30</date>
  <millis>1423080570190</millis>
  <sequence>121</sequence>
  <logger>ESPlorer.ESPlorer</logger>
  <level>INFO</level>
  <class>ESPlorer.ESPlorer</class>
  <method>log</method>
  <thread>34</thread>
  <message>recv:2&gt;&gt; </message>
</record>
<record>
  <date>2015-02-04T20:09:30</date>
  <millis>1423080570225</millis>
  <sequence>122</sequence>
  <logger>ESPlorer.ESPlorer</logger>
  <level>INFO</level>
  <class>ESPlorer.ESPlorer</class>
  <method>log</method>
  <thread>12</thread>
  <message>send:file.flush() file.close() FILE=nil rcvBuf=nil ESP_Receiver=nil uart.setup(0,9600,8,0,1,1) str="\r\n--Done--\r\n&gt; " print(str) str=nil collectgarbage() end end uart.on("data",'\r',ESP_Receiver,0)</message>
</record>
<record>
  <date>2015-02-04T20:09:30</date>
  <millis>1423080570594</millis>
  <sequence>123</sequence>
  <logger>ESPlorer.ESPlorer</logger>
  <level>INFO</level>
  <class>ESPlorer.ESPlorer</class>
  <method>log</method>
  <thread>34</thread>
  <message>recv:1</message>
</record>
<record>
  <date>2015-02-04T20:09:30</date>
  <millis>1423080570599</millis>
  <sequence>124</sequence>
  <logger>ESPlorer.ESPlorer</logger>
  <level>INFO</level>
  <class>ESPlorer.ESPlorer</class>
  <method>log</method>
  <thread>34</thread>
  <message>recv:2&gt; </message>
</record>
<record>
  <date>2015-02-04T20:09:30</date>
  <millis>1423080570619</millis>
  <sequence>125</sequence>
  <logger>ESPlorer.ESPlorer</logger>
  <level>INFO</level>
  <class>ESPlorer.ESPlorer</class>
  <method>log</method>
  <thread>12</thread>
  <message>send:-- j.lua: wifi config utility
j={}
local skip = "skipj.txt"        -- marker file
local wifiform = [=[&lt;html&gt;&lt;body&gt;
&lt;h2&gt;Choose a wifi access point to join&lt;/h2&gt;&lt;p&gt;&lt;form method="POST" action="chz"&gt;
_ITEMS_&lt;br/&gt;Pass key: &lt;input type="textarea" name="key"&gt;&lt;br</message>
</record>
<record>
  <date>2015-02-04T20:09:30</date>
  <millis>1423080570918</millis>
  <sequence>126</sequence>
  <logger>ESPlorer.ESPlorer</logger>
  <level>INFO</level>
  <class>ESPlorer.ESPlorer</class>
  <method>log</method>
  <thread>34</thread>
  <message>recv:&gt;</message>
</record>
<record>
  <date>2015-02-04T20:09:30</date>
  <millis>1423080570924</millis>
  <sequence>127</sequence>
  <logger>ESPlorer.ESPlorer</logger>
  <level>INFO</level>
  <class>ESPlorer.ESPlorer</class>
  <method>log</method>
  <thread>34</thread>
  <message>recv: </message>
</record>
<record>
  <date>2015-02-04T20:09:30</date>
  <millis>1423080570949</millis>
  <sequence>128</sequence>
  <logger>ESPlorer.ESPlorer</logger>
  <level>INFO</level>
  <class>ESPlorer.ESPlorer</class>
  <method>log</method>
  <thread>12</thread>
  <message>send:/&gt;&lt;br/&gt;
&lt;input type="submit" value="Submit"&gt;&lt;/form&gt;&lt;/p&gt;&lt;/body&gt;&lt;/html&gt;]=]
local function genform(aptbl)   -- takes table of APs
  print("j.genform")            -- DEBUG
  if not aptbl then return "&lt;html&gt;&lt;body&gt;No AP data :-(&lt;/body&gt;&lt;/html&gt;" end
  buf = ""; </message>
</record>
<record>
  <date>2015-02-04T20:09:31</date>
  <millis>1423080571244</millis>
  <sequence>129</sequence>
  <logger>ESPlorer.ESPlorer</logger>
  <level>INFO</level>
  <class>ESPlorer.ESPlorer</class>
  <method>log</method>
  <thread>34</thread>
  <message>recv:&gt;</message>
</record>
<record>
  <date>2015-02-04T20:09:31</date>
  <millis>1423080571250</millis>
  <sequence>130</sequence>
  <logger>ESPlorer.ESPlorer</logger>
  <level>INFO</level>
  <class>ESPlorer.ESPlorer</class>
  <method>log</method>
  <thread>34</thread>
  <message>recv: </message>
</record>
<record>
  <date>2015-02-04T20:09:31</date>
  <millis>1423080571265</millis>
  <sequence>131</sequence>
  <logger>ESPlorer.ESPlorer</logger>
  <level>INFO</level>
  <class>ESPlorer.ESPlorer</class>
  <method>log</method>
  <thread>12</thread>
  <message>send:checked = " checked"
  for ssid, _ in pairs(aptbl) do
    buf = buf .. '&lt;input type="radio" name="ssid" value="' .. ssid .. '"' ..
      checked .. '&gt;' .. ssid .. '&lt;br/&gt;\n'
    checked = ""
  end
  return string.gsub(wifiform, "_ITEMS_", buf)
end
local f</message>
</record>
<record>
  <date>2015-02-04T20:09:31</date>
  <millis>1423080571570</millis>
  <sequence>132</sequence>
  <logger>ESPlorer.ESPlorer</logger>
  <level>INFO</level>
  <class>ESPlorer.ESPlorer</class>
  <method>log</method>
  <thread>34</thread>
  <message>recv:&gt;</message>
</record>
<record>
  <date>2015-02-04T20:09:31</date>
  <millis>1423080571575</millis>
  <sequence>133</sequence>
  <logger>ESPlorer.ESPlorer</logger>
  <level>INFO</level>
  <class>ESPlorer.ESPlorer</class>
  <method>log</method>
  <thread>34</thread>
  <message>recv: </message>
</record>
<record>
  <date>2015-02-04T20:09:31</date>
  <millis>1423080571591</millis>
  <sequence>134</sequence>
  <logger>ESPlorer.ESPlorer</logger>
  <level>INFO</level>
  <class>ESPlorer.ESPlorer</class>
  <method>log</method>
  <thread>12</thread>
  <message>send:unction finish()         -- reclaim resources and hand back control
  print("j.finish, heap=", node.heap()) -- DEBUG
  file.open(skip, "w")          -- remember not to do this next time through
  file.close()
  srvr:close()                  -- kill the s</message>
</record>
<record>
  <date>2015-02-04T20:09:31</date>
  <millis>1423080571898</millis>
  <sequence>135</sequence>
  <logger>ESPlorer.ESPlorer</logger>
  <level>INFO</level>
  <class>ESPlorer.ESPlorer</class>
  <method>log</method>
  <thread>34</thread>
  <message>recv:&gt;</message>
</record>
<record>
  <date>2015-02-04T20:09:31</date>
  <millis>1423080571901</millis>
  <sequence>136</sequence>
  <logger>ESPlorer.ESPlorer</logger>
  <level>INFO</level>
  <class>ESPlorer.ESPlorer</class>
  <method>log</method>
  <thread>34</thread>
  <message>recv: </message>
</record>
<record>
  <date>2015-02-04T20:09:31</date>
  <millis>1423080571921</millis>
  <sequence>137</sequence>
  <logger>ESPlorer.ESPlorer</logger>
  <level>INFO</level>
  <class>ESPlorer.ESPlorer</class>
  <method>log</method>
  <thread>12</thread>
  <message>send:erver
  tmr.alarm(0, 1000, 0, node.restart) -- wait a second then start over
end
local function httplstn(conn, req) -- serve HTTP requests
  print("processing web request: ", req:sub(1, 11)) -- DEBUG
  if string.find(req, "POST /chz HTTP") then
    ssid,</message>
</record>
<record>
  <date>2015-02-04T20:09:32</date>
  <millis>1423080572225</millis>
  <sequence>138</sequence>
  <logger>ESPlorer.ESPlorer</logger>
  <level>INFO</level>
  <class>ESPlorer.ESPlorer</class>
  <method>log</method>
  <thread>34</thread>
  <message>recv:&gt; </message>
</record>
<record>
  <date>2015-02-04T20:09:32</date>
  <millis>1423080572243</millis>
  <sequence>139</sequence>
  <logger>ESPlorer.ESPlorer</logger>
  <level>INFO</level>
  <class>ESPlorer.ESPlorer</class>
  <method>log</method>
  <thread>12</thread>
  <message>send: key = string.gmatch(req, "ssid=(.*)&amp;key=(.*)")()
    if ssid and key then -- TODO verify ssid and key more effectively
      wifi.sta.config(ssid, key)
      wifi.sta.connect()
      conn:send("&lt;html&gt;&lt;body&gt;&lt;h2&gt;Done! Joining...&lt;/h2&gt;&lt;/body&gt;&lt;/html&gt;")
     </message>
</record>
<record>
  <date>2015-02-04T20:09:32</date>
  <millis>1423080572552</millis>
  <sequence>140</sequence>
  <logger>ESPlorer.ESPlorer</logger>
  <level>INFO</level>
  <class>ESPlorer.ESPlorer</class>
  <method>log</method>
  <thread>34</thread>
  <message>recv:&gt;</message>
</record>
<record>
  <date>2015-02-04T20:09:32</date>
  <millis>1423080572557</millis>
  <sequence>141</sequence>
  <logger>ESPlorer.ESPlorer</logger>
  <level>INFO</level>
  <class>ESPlorer.ESPlorer</class>
  <method>log</method>
  <thread>34</thread>
  <message>recv: </message>
</record>
<record>
  <date>2015-02-04T20:09:32</date>
  <millis>1423080572575</millis>
  <sequence>142</sequence>
  <logger>ESPlorer.ESPlorer</logger>
  <level>INFO</level>
  <class>ESPlorer.ESPlorer</class>
  <method>log</method>
  <thread>12</thread>
  <message>send: conn:on("sent", finish)
    end
  else
    conn:send(frm)
  end
end
function j.aplstn(aptbl)        -- callback for available APs scanner
  print("j.aplstn")             -- DEBUG
  frm = genform(aptbl)
  if not srvr then srvr = net.createServer(net.TCP)</message>
</record>
<record>
  <date>2015-02-04T20:09:32</date>
  <millis>1423080572879</millis>
  <sequence>143</sequence>
  <logger>ESPlorer.ESPlorer</logger>
  <level>INFO</level>
  <class>ESPlorer.ESPlorer</class>
  <method>log</method>
  <thread>34</thread>
  <message>recv:&gt;</message>
</record>
<record>
  <date>2015-02-04T20:09:32</date>
  <millis>1423080572884</millis>
  <sequence>144</sequence>
  <logger>ESPlorer.ESPlorer</logger>
  <level>INFO</level>
  <class>ESPlorer.ESPlorer</class>
  <method>log</method>
  <thread>34</thread>
  <message>recv: </message>
</record>
<record>
  <date>2015-02-04T20:09:32</date>
  <millis>1423080572898</millis>
  <sequence>145</sequence>
  <logger>ESPlorer.ESPlorer</logger>
  <level>INFO</level>
  <class>ESPlorer.ESPlorer</class>
  <method>log</method>
  <thread>12</thread>
  <message>send: end
  srvr:listen(80, function(conn) conn:on("receive", httplstn) end)
end
function j.reset() file.remove(skip) end
return j
</message>
</record>
<record>
  <date>2015-02-04T20:09:33</date>
  <millis>1423080573045</millis>
  <sequence>146</sequence>
  <logger>ESPlorer.ESPlorer</logger>
  <level>INFO</level>
  <class>ESPlorer.ESPlorer</class>
  <method>log</method>
  <thread>34</thread>
  <message>recv:&gt;</message>
</record>
<record>
  <date>2015-02-04T20:09:33</date>
  <millis>1423080573050</millis>
  <sequence>147</sequence>
  <logger>ESPlorer.ESPlorer</logger>
  <level>INFO</level>
  <class>ESPlorer.ESPlorer</class>
  <method>log</method>
  <thread>34</thread>
  <message>recv: </message>
</record>
<record>
  <date>2015-02-04T20:09:33</date>
  <millis>1423080573066</millis>
  <sequence>148</sequence>
  <logger>ESPlorer.ESPlorer</logger>
  <level>INFO</level>
  <class>ESPlorer.ESPlorer</class>
  <method>log</method>
  <thread>12</thread>
  <message>send:ESP_cmd_close</message>
</record>
<record>
  <date>2015-02-04T20:09:33</date>
  <millis>1423080573133</millis>
  <sequence>149</sequence>
  <logger>ESPlorer.ESPlorer</logger>
  <level>INFO</level>
  <class>ESPlorer.ESPlorer</class>
  <method>log</method>
  <thread>34</thread>
  <message>recv:&lt;CR&gt;</message>
</record>
<record>
  <date>2015-02-04T20:09:33</date>
  <millis>1423080573136</millis>
  <sequence>150</sequence>
  <logger>ESPlorer.ESPlorer</logger>
  <level>INFO</level>
  <class>ESPlorer.ESPlorer</class>
  <method>log</method>
  <thread>34</thread>
  <message>recv:&lt;LF&gt;--D</message>
</record>
<record>
  <date>2015-02-04T20:09:33</date>
  <millis>1423080573143</millis>
  <sequence>151</sequence>
  <logger>ESPlorer.ESPlorer</logger>
  <level>INFO</level>
  <class>ESPlorer.ESPlorer</class>
  <method>log</method>
  <thread>34</thread>
  <message>recv:one--&lt;CR&gt;</message>
</record>
<record>
  <date>2015-02-04T20:09:33</date>
  <millis>1423080573148</millis>
  <sequence>152</sequence>
  <logger>ESPlorer.ESPlorer</logger>
  <level>INFO</level>
  <class>ESPlorer.ESPlorer</class>
  <method>log</method>
  <thread>34</thread>
  <message>recv:&lt;LF&gt;&gt; &lt;CR&gt;&lt;LF&gt;</message>
</record>
<record>
  <date>2015-02-04T20:09:33</date>
  <millis>1423080573163</millis>
  <sequence>153</sequence>
  <logger>ESPlorer.ESPlorer</logger>
  <level>INFO</level>
  <class>ESPlorer.ESPlorer</class>
  <method>log</method>
  <thread>12</thread>
  <message>send:&lt;CR&gt;&lt;LF&gt;</message>
</record>
<record>
  <date>2015-02-04T20:09:33</date>
  <millis>1423080573213</millis>
  <sequence>154</sequence>
  <logger>ESPlorer.ESPlorer</logger>
  <level>INFO</level>
  <class>ESPlorer.ESPlorer</class>
  <method>log</method>
  <thread>34</thread>
  <message>recv:&lt;CR&gt;</message>
</record>
<record>
  <date>2015-02-04T20:09:33</date>
  <millis>1423080573216</millis>
  <sequence>155</sequence>
  <logger>ESPlorer.ESPlorer</logger>
  <level>INFO</level>
  <class>ESPlorer.ESPlorer</class>
  <method>log</method>
  <thread>34</thread>
  <message>recv:&lt;LF&gt;12</message>
</record>
<record>
  <date>2015-02-04T20:09:33</date>
  <millis>1423080573225</millis>
  <sequence>156</sequence>
  <logger>ESPlorer.ESPlorer</logger>
  <level>INFO</level>
  <class>ESPlorer.ESPlorer</class>
  <method>log</method>
  <thread>34</thread>
  <message>recv:&gt; &lt;CR&gt;&lt;LF&gt;12&gt; </message>
</record>
<record>
  <date>2015-02-04T20:09:33</date>
  <millis>1423080573257</millis>
  <sequence>157</sequence>
  <logger>ESPlorer.ESPlorer</logger>
  <level>INFO</level>
  <class>ESPlorer.ESPlorer</class>
  <method>log</method>
  <thread>34</thread>
  <message>DataSender: Done. Duration = 4017 ms</message>
</record>
<record>
  <date>2015-02-04T20:09:35</date>
  <millis>1423080575514</millis>
  <sequence>158</sequence>
  <logger>ESPlorer.ESPlorer</logger>
  <level>INFO</level>
  <class>ESPlorer.ESPlorer</class>
  <method>log</method>
  <thread>12</thread>
  <message>FileSaveESP: Try to save file to ESP...</message>
</record>
<record>
  <date>2015-02-04T20:09:35</date>
  <millis>1423080575516</millis>
  <sequence>159</sequence>
  <logger>ESPlorer.ESPlorer</logger>
  <level>INFO</level>
  <class>ESPlorer.ESPlorer</class>
  <method>log</method>
  <thread>12</thread>
  <message>FileSaveESP-Turbo: Try to save file to ESP in Turbo Mode...</message>
</record>
<record>
  <date>2015-02-04T20:09:35</date>
  <millis>1423080575530</millis>
  <sequence>160</sequence>
  <logger>ESPlorer.ESPlorer</logger>
  <level>INFO</level>
  <class>ESPlorer.ESPlorer</class>
  <method>log</method>
  <thread>12</thread>
  <message>DataTurboSender: start "Smart Mode"</message>
</record>
<record>
  <date>2015-02-04T20:09:35</date>
  <millis>1423080575532</millis>
  <sequence>161</sequence>
  <logger>ESPlorer.ESPlorer</logger>
  <level>INFO</level>
  <class>ESPlorer.ESPlorer</class>
  <method>log</method>
  <thread>12</thread>
  <message>FileSaveESP-Turbo: Starting...</message>
</record>
<record>
  <date>2015-02-04T20:09:35</date>
  <millis>1423080575558</millis>
  <sequence>162</sequence>
  <logger>ESPlorer.ESPlorer</logger>
  <level>INFO</level>
  <class>ESPlorer.ESPlorer</class>
  <method>log</method>
  <thread>12</thread>
  <message>send:FILE="init.lua" file.remove(FILE) file.open(FILE,"w+") uart.setup(0,9600,8,0,1,0)</message>
</record>
<record>
  <date>2015-02-04T20:09:35</date>
  <millis>1423080575615</millis>
  <sequence>163</sequence>
  <logger>ESPlorer.ESPlorer</logger>
  <level>INFO</level>
  <class>ESPlorer.ESPlorer</class>
  <method>log</method>
  <thread>36</thread>
  <message>recv:F</message>
</record>
<record>
  <date>2015-02-04T20:09:35</date>
  <millis>1423080575620</millis>
  <sequence>164</sequence>
  <logger>ESPlorer.ESPlorer</logger>
  <level>INFO</level>
  <class>ESPlorer.ESPlorer</class>
  <method>log</method>
  <thread>36</thread>
  <message>recv:ILE="</message>
</record>
<record>
  <date>2015-02-04T20:09:35</date>
  <millis>1423080575629</millis>
  <sequence>165</sequence>
  <logger>ESPlorer.ESPlorer</logger>
  <level>INFO</level>
  <class>ESPlorer.ESPlorer</class>
  <method>log</method>
  <thread>36</thread>
  <message>recv:init.lua</message>
</record>
<record>
  <date>2015-02-04T20:09:35</date>
  <millis>1423080575636</millis>
  <sequence>166</sequence>
  <logger>ESPlorer.ESPlorer</logger>
  <level>INFO</level>
  <class>ESPlorer.ESPlorer</class>
  <method>log</method>
  <thread>36</thread>
  <message>recv:" file.r</message>
</record>
<record>
  <date>2015-02-04T20:09:35</date>
  <millis>1423080575640</millis>
  <sequence>167</sequence>
  <logger>ESPlorer.ESPlorer</logger>
  <level>INFO</level>
  <class>ESPlorer.ESPlorer</class>
  <method>log</method>
  <thread>36</thread>
  <message>recv:emov</message>
</record>
<record>
  <date>2015-02-04T20:09:35</date>
  <millis>1423080575644</millis>
  <sequence>168</sequence>
  <logger>ESPlorer.ESPlorer</logger>
  <level>INFO</level>
  <class>ESPlorer.ESPlorer</class>
  <method>log</method>
  <thread>36</thread>
  <message>recv:e(FI</message>
</record>
<record>
  <date>2015-02-04T20:09:35</date>
  <millis>1423080575649</millis>
  <sequence>169</sequence>
  <logger>ESPlorer.ESPlorer</logger>
  <level>INFO</level>
  <class>ESPlorer.ESPlorer</class>
  <method>log</method>
  <thread>36</thread>
  <message>recv:LE) </message>
</record>
<record>
  <date>2015-02-04T20:09:35</date>
  <millis>1423080575652</millis>
  <sequence>170</sequence>
  <logger>ESPlorer.ESPlorer</logger>
  <level>INFO</level>
  <class>ESPlorer.ESPlorer</class>
  <method>log</method>
  <thread>36</thread>
  <message>recv:file</message>
</record>
<record>
  <date>2015-02-04T20:09:35</date>
  <millis>1423080575657</millis>
  <sequence>171</sequence>
  <logger>ESPlorer.ESPlorer</logger>
  <level>INFO</level>
  <class>ESPlorer.ESPlorer</class>
  <method>log</method>
  <thread>36</thread>
  <message>recv:.ope</message>
</record>
<record>
  <date>2015-02-04T20:09:35</date>
  <millis>1423080575660</millis>
  <sequence>172</sequence>
  <logger>ESPlorer.ESPlorer</logger>
  <level>INFO</level>
  <class>ESPlorer.ESPlorer</class>
  <method>log</method>
  <thread>36</thread>
  <message>recv:n(F</message>
</record>
<record>
  <date>2015-02-04T20:09:35</date>
  <millis>1423080575664</millis>
  <sequence>173</sequence>
  <logger>ESPlorer.ESPlorer</logger>
  <level>INFO</level>
  <class>ESPlorer.ESPlorer</class>
  <method>log</method>
  <thread>36</thread>
  <message>recv:ILE,</message>
</record>
<record>
  <date>2015-02-04T20:09:35</date>
  <millis>1423080575669</millis>
  <sequence>174</sequence>
  <logger>ESPlorer.ESPlorer</logger>
  <level>INFO</level>
  <class>ESPlorer.ESPlorer</class>
  <method>log</method>
  <thread>36</thread>
  <message>recv:"w</message>
</record>
<record>
  <date>2015-02-04T20:09:35</date>
  <millis>1423080575694</millis>
  <sequence>175</sequence>
  <logger>ESPlorer.ESPlorer</logger>
  <level>INFO</level>
  <class>ESPlorer.ESPlorer</class>
  <method>log</method>
  <thread>36</thread>
  <message>recv:+</message>
</record>
<record>
  <date>2015-02-04T20:09:35</date>
  <millis>1423080575697</millis>
  <sequence>176</sequence>
  <logger>ESPlorer.ESPlorer</logger>
  <level>INFO</level>
  <class>ESPlorer.ESPlorer</class>
  <method>log</method>
  <thread>36</thread>
  <message>recv:")</message>
</record>
<record>
  <date>2015-02-04T20:09:35</date>
  <millis>1423080575701</millis>
  <sequence>177</sequence>
  <logger>ESPlorer.ESPlorer</logger>
  <level>INFO</level>
  <class>ESPlorer.ESPlorer</class>
  <method>log</method>
  <thread>36</thread>
  <message>recv: uart</message>
</record>
<record>
  <date>2015-02-04T20:09:35</date>
  <millis>1423080575707</millis>
  <sequence>178</sequence>
  <logger>ESPlorer.ESPlorer</logger>
  <level>INFO</level>
  <class>ESPlorer.ESPlorer</class>
  <method>log</method>
  <thread>36</thread>
  <message>recv:.setu</message>
</record>
<record>
  <date>2015-02-04T20:09:35</date>
  <millis>1423080575711</millis>
  <sequence>179</sequence>
  <logger>ESPlorer.ESPlorer</logger>
  <level>INFO</level>
  <class>ESPlorer.ESPlorer</class>
  <method>log</method>
  <thread>36</thread>
  <message>recv:p(0,</message>
</record>
<record>
  <date>2015-02-04T20:09:35</date>
  <millis>1423080575715</millis>
  <sequence>180</sequence>
  <logger>ESPlorer.ESPlorer</logger>
  <level>INFO</level>
  <class>ESPlorer.ESPlorer</class>
  <method>log</method>
  <thread>36</thread>
  <message>recv:960</message>
</record>
<record>
  <date>2015-02-04T20:09:35</date>
  <millis>1423080575720</millis>
  <sequence>181</sequence>
  <logger>ESPlorer.ESPlorer</logger>
  <level>INFO</level>
  <class>ESPlorer.ESPlorer</class>
  <method>log</method>
  <thread>36</thread>
  <message>recv:0,8,0,</message>
</record>
<record>
  <date>2015-02-04T20:09:35</date>
  <millis>1423080575726</millis>
  <sequence>182</sequence>
  <logger>ESPlorer.ESPlorer</logger>
  <level>INFO</level>
  <class>ESPlorer.ESPlorer</class>
  <method>log</method>
  <thread>36</thread>
  <message>recv:1,0)&lt;CR&gt;</message>
</record>
<record>
  <date>2015-02-04T20:09:35</date>
  <millis>1423080575731</millis>
  <sequence>183</sequence>
  <logger>ESPlorer.ESPlorer</logger>
  <level>INFO</level>
  <class>ESPlorer.ESPlorer</class>
  <method>log</method>
  <thread>36</thread>
  <message>recv:&lt;LF&gt;</message>
</record>
<record>
  <date>2015-02-04T20:09:36</date>
  <millis>1423080576115</millis>
  <sequence>184</sequence>
  <logger>ESPlorer.ESPlorer</logger>
  <level>INFO</level>
  <class>ESPlorer.ESPlorer</class>
  <method>log</method>
  <thread>36</thread>
  <message>recv:1</message>
</record>
<record>
  <date>2015-02-04T20:09:36</date>
  <millis>1423080576121</millis>
  <sequence>185</sequence>
  <logger>ESPlorer.ESPlorer</logger>
  <level>INFO</level>
  <class>ESPlorer.ESPlorer</class>
  <method>log</method>
  <thread>36</thread>
  <message>recv:2&gt; </message>
</record>
<record>
  <date>2015-02-04T20:09:36</date>
  <millis>1423080576137</millis>
  <sequence>186</sequence>
  <logger>ESPlorer.ESPlorer</logger>
  <level>INFO</level>
  <class>ESPlorer.ESPlorer</class>
  <method>log</method>
  <thread>12</thread>
  <message>send:ESP_Receiver=function(rcvBuf) if string.match(rcvBuf,"^ESP_cmd_close")==nil then file.write(string.gsub(rcvBuf, '\r', '')) uart.write(0, "&gt; ") else uart.on("data") </message>
</record>
<record>
  <date>2015-02-04T20:09:36</date>
  <millis>1423080576440</millis>
  <sequence>187</sequence>
  <logger>ESPlorer.ESPlorer</logger>
  <level>INFO</level>
  <class>ESPlorer.ESPlorer</class>
  <method>log</method>
  <thread>36</thread>
  <message>recv:1</message>
</record>
<record>
  <date>2015-02-04T20:09:36</date>
  <millis>1423080576444</millis>
  <sequence>188</sequence>
  <logger>ESPlorer.ESPlorer</logger>
  <level>INFO</level>
  <class>ESPlorer.ESPlorer</class>
  <method>log</method>
  <thread>36</thread>
  <message>recv:2&gt;&gt; </message>
</record>
<record>
  <date>2015-02-04T20:09:36</date>
  <millis>1423080576462</millis>
  <sequence>189</sequence>
  <logger>ESPlorer.ESPlorer</logger>
  <level>INFO</level>
  <class>ESPlorer.ESPlorer</class>
  <method>log</method>
  <thread>12</thread>
  <message>send:file.flush() file.close() FILE=nil rcvBuf=nil ESP_Receiver=nil uart.setup(0,9600,8,0,1,1) str="\r\n--Done--\r\n&gt; " print(str) str=nil collectgarbage() end end uart.on("data",'\r',ESP_Receiver,0)</message>
</record>
<record>
  <date>2015-02-04T20:09:36</date>
  <millis>1423080576770</millis>
  <sequence>190</sequence>
  <logger>ESPlorer.ESPlorer</logger>
  <level>INFO</level>
  <class>ESPlorer.ESPlorer</class>
  <method>log</method>
  <thread>36</thread>
  <message>recv:1</message>
</record>
<record>
  <date>2015-02-04T20:09:36</date>
  <millis>1423080576774</millis>
  <sequence>191</sequence>
  <logger>ESPlorer.ESPlorer</logger>
  <level>INFO</level>
  <class>ESPlorer.ESPlorer</class>
  <method>log</method>
  <thread>36</thread>
  <message>recv:2&gt; </message>
</record>
<record>
  <date>2015-02-04T20:09:36</date>
  <millis>1423080576793</millis>
  <sequence>192</sequence>
  <logger>ESPlorer.ESPlorer</logger>
  <level>INFO</level>
  <class>ESPlorer.ESPlorer</class>
  <method>log</method>
  <thread>12</thread>
  <message>send:-- init.lua: top level entry point for the freakaponics sensor/actuator board

wifi.setmode(wifi.STATIONAP)    -- coding around nil result to first call issue
function lstf(t) if t then for k,_ in pairs(t) do print(k) end end end
wifi.sta.getap(lstf)    </message>
</record>
<record>
  <date>2015-02-04T20:09:37</date>
  <millis>1423080577093</millis>
  <sequence>193</sequence>
  <logger>ESPlorer.ESPlorer</logger>
  <level>INFO</level>
  <class>ESPlorer.ESPlorer</class>
  <method>log</method>
  <thread>36</thread>
  <message>recv:&gt;</message>
</record>
<record>
  <date>2015-02-04T20:09:37</date>
  <millis>1423080577099</millis>
  <sequence>194</sequence>
  <logger>ESPlorer.ESPlorer</logger>
  <level>INFO</level>
  <class>ESPlorer.ESPlorer</class>
  <method>log</method>
  <thread>36</thread>
  <message>recv: </message>
</record>
<record>
  <date>2015-02-04T20:09:37</date>
  <millis>1423080577117</millis>
  <sequence>195</sequence>
  <logger>ESPlorer.ESPlorer</logger>
  <level>INFO</level>
  <class>ESPlorer.ESPlorer</class>
  <method>log</method>
  <thread>12</thread>
  <message>send:        -- consume nil result

print("starting wifi setup, heap= ", node.heap()) -- DEBUG
if file.open("skipj.txt") then  -- we're already configured
  print("skipj exists")         -- DEBUG
  file.close()
  f=require("f")
  f.run()
else
  j=require("j")</message>
</record>
<record>
  <date>2015-02-04T20:09:37</date>
  <millis>1423080577419</millis>
  <sequence>196</sequence>
  <logger>ESPlorer.ESPlorer</logger>
  <level>INFO</level>
  <class>ESPlorer.ESPlorer</class>
  <method>log</method>
  <thread>36</thread>
  <message>recv:&gt;</message>
</record>
<record>
  <date>2015-02-04T20:09:37</date>
  <millis>1423080577424</millis>
  <sequence>197</sequence>
  <logger>ESPlorer.ESPlorer</logger>
  <level>INFO</level>
  <class>ESPlorer.ESPlorer</class>
  <method>log</method>
  <thread>36</thread>
  <message>recv: </message>
</record>
<record>
  <date>2015-02-04T20:09:37</date>
  <millis>1423080577446</millis>
  <sequence>198</sequence>
  <logger>ESPlorer.ESPlorer</logger>
  <level>INFO</level>
  <class>ESPlorer.ESPlorer</class>
  <method>log</method>
  <thread>12</thread>
  <message>send:
  wifi.sta.getap(j.aplstn)      -- joinme entry point
end -- wifi config
print("wifi config finished, heap= ", node.heap()) -- DEBUG
</message>
</record>
<record>
  <date>2015-02-04T20:09:37</date>
  <millis>1423080577665</millis>
  <sequence>199</sequence>
  <logger>ESPlorer.ESPlorer</logger>
  <level>INFO</level>
  <class>ESPlorer.ESPlorer</class>
  <method>log</method>
  <thread>36</thread>
  <message>recv:&gt;</message>
</record>
<record>
  <date>2015-02-04T20:09:37</date>
  <millis>1423080577669</millis>
  <sequence>200</sequence>
  <logger>ESPlorer.ESPlorer</logger>
  <level>INFO</level>
  <class>ESPlorer.ESPlorer</class>
  <method>log</method>
  <thread>36</thread>
  <message>recv: </message>
</record>
<record>
  <date>2015-02-04T20:09:37</date>
  <millis>1423080577685</millis>
  <sequence>201</sequence>
  <logger>ESPlorer.ESPlorer</logger>
  <level>INFO</level>
  <class>ESPlorer.ESPlorer</class>
  <method>log</method>
  <thread>12</thread>
  <message>send:ESP_cmd_close</message>
</record>
<record>
  <date>2015-02-04T20:09:37</date>
  <millis>1423080577752</millis>
  <sequence>202</sequence>
  <logger>ESPlorer.ESPlorer</logger>
  <level>INFO</level>
  <class>ESPlorer.ESPlorer</class>
  <method>log</method>
  <thread>36</thread>
  <message>recv:&lt;CR&gt;</message>
</record>
<record>
  <date>2015-02-04T20:09:37</date>
  <millis>1423080577755</millis>
  <sequence>203</sequence>
  <logger>ESPlorer.ESPlorer</logger>
  <level>INFO</level>
  <class>ESPlorer.ESPlorer</class>
  <method>log</method>
  <thread>36</thread>
  <message>recv:&lt;LF&gt;-</message>
</record>
<record>
  <date>2015-02-04T20:09:37</date>
  <millis>1423080577760</millis>
  <sequence>204</sequence>
  <logger>ESPlorer.ESPlorer</logger>
  <level>INFO</level>
  <class>ESPlorer.ESPlorer</class>
  <method>log</method>
  <thread>36</thread>
  <message>recv:-Done</message>
</record>
<record>
  <date>2015-02-04T20:09:37</date>
  <millis>1423080577765</millis>
  <sequence>205</sequence>
  <logger>ESPlorer.ESPlorer</logger>
  <level>INFO</level>
  <class>ESPlorer.ESPlorer</class>
  <method>log</method>
  <thread>36</thread>
  <message>recv:--&lt;CR&gt;&lt;LF&gt;&gt;</message>
</record>
<record>
  <date>2015-02-04T20:09:37</date>
  <millis>1423080577770</millis>
  <sequence>206</sequence>
  <logger>ESPlorer.ESPlorer</logger>
  <level>INFO</level>
  <class>ESPlorer.ESPlorer</class>
  <method>log</method>
  <thread>36</thread>
  <message>recv: &lt;CR&gt;&lt;LF&gt;</message>
</record>
<record>
  <date>2015-02-04T20:09:37</date>
  <millis>1423080577787</millis>
  <sequence>207</sequence>
  <logger>ESPlorer.ESPlorer</logger>
  <level>INFO</level>
  <class>ESPlorer.ESPlorer</class>
  <method>log</method>
  <thread>12</thread>
  <message>send:&lt;CR&gt;&lt;LF&gt;</message>
</record>
<record>
  <date>2015-02-04T20:09:37</date>
  <millis>1423080577833</millis>
  <sequence>208</sequence>
  <logger>ESPlorer.ESPlorer</logger>
  <level>INFO</level>
  <class>ESPlorer.ESPlorer</class>
  <method>log</method>
  <thread>36</thread>
  <message>recv:&lt;CR&gt;</message>
</record>
<record>
  <date>2015-02-04T20:09:37</date>
  <millis>1423080577837</millis>
  <sequence>209</sequence>
  <logger>ESPlorer.ESPlorer</logger>
  <level>INFO</level>
  <class>ESPlorer.ESPlorer</class>
  <method>log</method>
  <thread>36</thread>
  <message>recv:&lt;LF&gt;12&gt;</message>
</record>
<record>
  <date>2015-02-04T20:09:37</date>
  <millis>1423080577843</millis>
  <sequence>210</sequence>
  <logger>ESPlorer.ESPlorer</logger>
  <level>INFO</level>
  <class>ESPlorer.ESPlorer</class>
  <method>log</method>
  <thread>36</thread>
  <message>recv: &lt;CR&gt;&lt;LF&gt;12</message>
</record>
<record>
  <date>2015-02-04T20:09:37</date>
  <millis>1423080577880</millis>
  <sequence>211</sequence>
  <logger>ESPlorer.ESPlorer</logger>
  <level>INFO</level>
  <class>ESPlorer.ESPlorer</class>
  <method>log</method>
  <thread>36</thread>
  <message>DataSender: Done. Duration = 2362 ms</message>
</record>
<record>
  <date>2015-02-04T20:09:43</date>
  <millis>1423080583167</millis>
  <sequence>212</sequence>
  <logger>ESPlorer.ESPlorer</logger>
  <level>INFO</level>
  <class>ESPlorer.ESPlorer</class>
  <method>log</method>
  <thread>12</thread>
  <message>send:node.restart()&lt;CR&gt;&lt;LF&gt;</message>
</record>
<record>
  <date>2015-02-04T20:09:51</date>
  <millis>1423080591550</millis>
  <sequence>213</sequence>
  <logger>ESPlorer.ESPlorer</logger>
  <level>INFO</level>
  <class>ESPlorer.ESPlorer</class>
  <method>log</method>
  <thread>12</thread>
  <message>DataSender: start "Smart Mode"</message>
</record>
<record>
  <date>2015-02-04T20:09:51</date>
  <millis>1423080591551</millis>
  <sequence>214</sequence>
  <logger>ESPlorer.ESPlorer</logger>
  <level>INFO</level>
  <class>ESPlorer.ESPlorer</class>
  <method>log</method>
  <thread>12</thread>
  <message>SendToESP: Starting...</message>
</record>
<record>
  <date>2015-02-04T20:09:51</date>
  <millis>1423080591629</millis>
  <sequence>215</sequence>
  <logger>ESPlorer.ESPlorer</logger>
  <level>INFO</level>
  <class>ESPlorer.ESPlorer</class>
  <method>log</method>
  <thread>12</thread>
  <message>send:function listap(t)&lt;CR&gt;&lt;LF&gt;</message>
</record>
<record>
  <date>2015-02-04T20:09:51</date>
  <millis>1423080591636</millis>
  <sequence>216</sequence>
  <logger>ESPlorer.ESPlorer</logger>
  <level>INFO</level>
  <class>ESPlorer.ESPlorer</class>
  <method>log</method>
  <thread>38</thread>
  <message>recv:fu</message>
</record>
<record>
  <date>2015-02-04T20:09:51</date>
  <millis>1423080591714</millis>
  <sequence>217</sequence>
  <logger>ESPlorer.ESPlorer</logger>
  <level>INFO</level>
  <class>ESPlorer.ESPlorer</class>
  <method>log</method>
  <thread>38</thread>
  <message>recv:n</message>
</record>
<record>
  <date>2015-02-04T20:09:51</date>
  <millis>1423080591719</millis>
  <sequence>218</sequence>
  <logger>ESPlorer.ESPlorer</logger>
  <level>INFO</level>
  <class>ESPlorer.ESPlorer</class>
  <method>log</method>
  <thread>38</thread>
  <message>recv:ction</message>
</record>
<record>
  <date>2015-02-04T20:09:51</date>
  <millis>1423080591726</millis>
  <sequence>219</sequence>
  <logger>ESPlorer.ESPlorer</logger>
  <level>INFO</level>
  <class>ESPlorer.ESPlorer</class>
  <method>log</method>
  <thread>38</thread>
  <message>recv: listap</message>
</record>
<record>
  <date>2015-02-04T20:09:51</date>
  <millis>1423080591729</millis>
  <sequence>220</sequence>
  <logger>ESPlorer.ESPlorer</logger>
  <level>INFO</level>
  <class>ESPlorer.ESPlorer</class>
  <method>log</method>
  <thread>38</thread>
  <message>recv:(t)</message>
</record>
<record>
  <date>2015-02-04T20:09:51</date>
  <millis>1423080591733</millis>
  <sequence>221</sequence>
  <logger>ESPlorer.ESPlorer</logger>
  <level>INFO</level>
  <class>ESPlorer.ESPlorer</class>
  <method>log</method>
  <thread>38</thread>
  <message>recv:&lt;CR&gt;&lt;LF&gt;</message>
</record>
<record>
  <date>2015-02-04T20:09:51</date>
  <millis>1423080591744</millis>
  <sequence>222</sequence>
  <logger>ESPlorer.ESPlorer</logger>
  <level>INFO</level>
  <class>ESPlorer.ESPlorer</class>
  <method>log</method>
  <thread>12</thread>
  <message>send:if t then for k,v in pairs(t) do&lt;CR&gt;&lt;LF&gt;</message>
</record>
<record>
  <date>2015-02-04T20:09:51</date>
  <millis>1423080591798</millis>
  <sequence>223</sequence>
  <logger>ESPlorer.ESPlorer</logger>
  <level>INFO</level>
  <class>ESPlorer.ESPlorer</class>
  <method>log</method>
  <thread>38</thread>
  <message>recv:1</message>
</record>
<record>
  <date>2015-02-04T20:09:51</date>
  <millis>1423080591800</millis>
  <sequence>224</sequence>
  <logger>ESPlorer.ESPlorer</logger>
  <level>INFO</level>
  <class>ESPlorer.ESPlorer</class>
  <method>log</method>
  <thread>38</thread>
  <message>recv:2&gt;&gt;</message>
</record>
<record>
  <date>2015-02-04T20:09:51</date>
  <millis>1423080591809</millis>
  <sequence>225</sequence>
  <logger>ESPlorer.ESPlorer</logger>
  <level>INFO</level>
  <class>ESPlorer.ESPlorer</class>
  <method>log</method>
  <thread>38</thread>
  <message>recv: </message>
</record>
<record>
  <date>2015-02-04T20:09:51</date>
  <millis>1423080591877</millis>
  <sequence>226</sequence>
  <logger>ESPlorer.ESPlorer</logger>
  <level>INFO</level>
  <class>ESPlorer.ESPlorer</class>
  <method>log</method>
  <thread>38</thread>
  <message>recv:i</message>
</record>
<record>
  <date>2015-02-04T20:09:51</date>
  <millis>1423080591881</millis>
  <sequence>227</sequence>
  <logger>ESPlorer.ESPlorer</logger>
  <level>INFO</level>
  <class>ESPlorer.ESPlorer</class>
  <method>log</method>
  <thread>38</thread>
  <message>recv:f t</message>
</record>
<record>
  <date>2015-02-04T20:09:51</date>
  <millis>1423080591888</millis>
  <sequence>228</sequence>
  <logger>ESPlorer.ESPlorer</logger>
  <level>INFO</level>
  <class>ESPlorer.ESPlorer</class>
  <method>log</method>
  <thread>38</thread>
  <message>recv: then f</message>
</record>
<record>
  <date>2015-02-04T20:09:51</date>
  <millis>1423080591896</millis>
  <sequence>229</sequence>
  <logger>ESPlorer.ESPlorer</logger>
  <level>INFO</level>
  <class>ESPlorer.ESPlorer</class>
  <method>log</method>
  <thread>38</thread>
  <message>recv:or k,v i</message>
</record>
<record>
  <date>2015-02-04T20:09:51</date>
  <millis>1423080591899</millis>
  <sequence>230</sequence>
  <logger>ESPlorer.ESPlorer</logger>
  <level>INFO</level>
  <class>ESPlorer.ESPlorer</class>
  <method>log</method>
  <thread>38</thread>
  <message>recv:n </message>
</record>
<record>
  <date>2015-02-04T20:09:51</date>
  <millis>1423080591902</millis>
  <sequence>231</sequence>
  <logger>ESPlorer.ESPlorer</logger>
  <level>INFO</level>
  <class>ESPlorer.ESPlorer</class>
  <method>log</method>
  <thread>38</thread>
  <message>recv:pair</message>
</record>
<record>
  <date>2015-02-04T20:09:51</date>
  <millis>1423080591907</millis>
  <sequence>232</sequence>
  <logger>ESPlorer.ESPlorer</logger>
  <level>INFO</level>
  <class>ESPlorer.ESPlorer</class>
  <method>log</method>
  <thread>38</thread>
  <message>recv:s(t) </message>
</record>
<record>
  <date>2015-02-04T20:09:51</date>
  <millis>1423080591913</millis>
  <sequence>233</sequence>
  <logger>ESPlorer.ESPlorer</logger>
  <level>INFO</level>
  <class>ESPlorer.ESPlorer</class>
  <method>log</method>
  <thread>38</thread>
  <message>recv:do&lt;CR&gt;&lt;LF&gt;</message>
</record>
<record>
  <date>2015-02-04T20:09:51</date>
  <millis>1423080591927</millis>
  <sequence>234</sequence>
  <logger>ESPlorer.ESPlorer</logger>
  <level>INFO</level>
  <class>ESPlorer.ESPlorer</class>
  <method>log</method>
  <thread>12</thread>
  <message>send:print(k.." : "..v)&lt;CR&gt;&lt;LF&gt;</message>
</record>
<record>
  <date>2015-02-04T20:09:51</date>
  <millis>1423080591965</millis>
  <sequence>235</sequence>
  <logger>ESPlorer.ESPlorer</logger>
  <level>INFO</level>
  <class>ESPlorer.ESPlorer</class>
  <method>log</method>
  <thread>38</thread>
  <message>recv:1</message>
</record>
<record>
  <date>2015-02-04T20:09:51</date>
  <millis>1423080591970</millis>
  <sequence>236</sequence>
  <logger>ESPlorer.ESPlorer</logger>
  <level>INFO</level>
  <class>ESPlorer.ESPlorer</class>
  <method>log</method>
  <thread>38</thread>
  <message>recv:2</message>
</record>
<record>
  <date>2015-02-04T20:09:52</date>
  <millis>1423080592045</millis>
  <sequence>237</sequence>
  <logger>ESPlorer.ESPlorer</logger>
  <level>INFO</level>
  <class>ESPlorer.ESPlorer</class>
  <method>log</method>
  <thread>38</thread>
  <message>recv:pr</message>
</record>
<record>
  <date>2015-02-04T20:09:52</date>
  <millis>1423080592051</millis>
  <sequence>238</sequence>
  <logger>ESPlorer.ESPlorer</logger>
  <level>INFO</level>
  <class>ESPlorer.ESPlorer</class>
  <method>log</method>
  <thread>38</thread>
  <message>recv:int(k</message>
</record>
<record>
  <date>2015-02-04T20:09:52</date>
  <millis>1423080592057</millis>
  <sequence>239</sequence>
  <logger>ESPlorer.ESPlorer</logger>
  <level>INFO</level>
  <class>ESPlorer.ESPlorer</class>
  <method>log</method>
  <thread>38</thread>
  <message>recv:.." :</message>
</record>
<record>
  <date>2015-02-04T20:09:52</date>
  <millis>1423080592064</millis>
  <sequence>240</sequence>
  <logger>ESPlorer.ESPlorer</logger>
  <level>INFO</level>
  <class>ESPlorer.ESPlorer</class>
  <method>log</method>
  <thread>38</thread>
  <message>recv: "..v)&lt;CR&gt;&lt;LF&gt;</message>
</record>
<record>
  <date>2015-02-04T20:09:52</date>
  <millis>1423080592078</millis>
  <sequence>241</sequence>
  <logger>ESPlorer.ESPlorer</logger>
  <level>INFO</level>
  <class>ESPlorer.ESPlorer</class>
  <method>log</method>
  <thread>12</thread>
  <message>send:end else print("nil") end&lt;CR&gt;&lt;LF&gt;</message>
</record>
<record>
  <date>2015-02-04T20:09:52</date>
  <millis>1423080592133</millis>
  <sequence>242</sequence>
  <logger>ESPlorer.ESPlorer</logger>
  <level>INFO</level>
  <class>ESPlorer.ESPlorer</class>
  <method>log</method>
  <thread>38</thread>
  <message>recv:1</message>
</record>
<record>
  <date>2015-02-04T20:09:52</date>
  <millis>1423080592136</millis>
  <sequence>243</sequence>
  <logger>ESPlorer.ESPlorer</logger>
  <level>INFO</level>
  <class>ESPlorer.ESPlorer</class>
  <method>log</method>
  <thread>38</thread>
  <message>recv:2</message>
</record>
<record>
  <date>2015-02-04T20:09:52</date>
  <millis>1423080592212</millis>
  <sequence>244</sequence>
  <logger>ESPlorer.ESPlorer</logger>
  <level>INFO</level>
  <class>ESPlorer.ESPlorer</class>
  <method>log</method>
  <thread>38</thread>
  <message>recv:e</message>
</record>
<record>
  <date>2015-02-04T20:09:52</date>
  <millis>1423080592216</millis>
  <sequence>245</sequence>
  <logger>ESPlorer.ESPlorer</logger>
  <level>INFO</level>
  <class>ESPlorer.ESPlorer</class>
  <method>log</method>
  <thread>38</thread>
  <message>recv:nd </message>
</record>
<record>
  <date>2015-02-04T20:09:52</date>
  <millis>1423080592222</millis>
  <sequence>246</sequence>
  <logger>ESPlorer.ESPlorer</logger>
  <level>INFO</level>
  <class>ESPlorer.ESPlorer</class>
  <method>log</method>
  <thread>38</thread>
  <message>recv:else p</message>
</record>
<record>
  <date>2015-02-04T20:09:52</date>
  <millis>1423080592229</millis>
  <sequence>247</sequence>
  <logger>ESPlorer.ESPlorer</logger>
  <level>INFO</level>
  <class>ESPlorer.ESPlorer</class>
  <method>log</method>
  <thread>38</thread>
  <message>recv:rint("n</message>
</record>
<record>
  <date>2015-02-04T20:09:52</date>
  <millis>1423080592234</millis>
  <sequence>248</sequence>
  <logger>ESPlorer.ESPlorer</logger>
  <level>INFO</level>
  <class>ESPlorer.ESPlorer</class>
  <method>log</method>
  <thread>38</thread>
  <message>recv:il") </message>
</record>
<record>
  <date>2015-02-04T20:09:52</date>
  <millis>1423080592238</millis>
  <sequence>249</sequence>
  <logger>ESPlorer.ESPlorer</logger>
  <level>INFO</level>
  <class>ESPlorer.ESPlorer</class>
  <method>log</method>
  <thread>38</thread>
  <message>recv:end</message>
</record>
<record>
  <date>2015-02-04T20:09:52</date>
  <millis>1423080592242</millis>
  <sequence>250</sequence>
  <logger>ESPlorer.ESPlorer</logger>
  <level>INFO</level>
  <class>ESPlorer.ESPlorer</class>
  <method>log</method>
  <thread>38</thread>
  <message>recv:
</message>
</record>
<record>
  <date>2015-02-04T20:09:52</date>
  <millis>1423080592253</millis>
  <sequence>251</sequence>
  <logger>ESPlorer.ESPlorer</logger>
  <level>INFO</level>
  <class>ESPlorer.ESPlorer</class>
  <method>log</method>
  <thread>12</thread>
  <message>send:end&lt;CR&gt;&lt;LF&gt;</message>
</record>
<record>
  <date>2015-02-04T20:09:52</date>
  <millis>1423080592300</millis>
  <sequence>252</sequence>
  <logger>ESPlorer.ESPlorer</logger>
  <level>INFO</level>
  <class>ESPlorer.ESPlorer</class>
  <method>log</method>
  <thread>38</thread>
  <message>recv:1</message>
</record>
<record>
  <date>2015-02-04T20:09:52</date>
  <millis>1423080592303</millis>
  <sequence>253</sequence>
  <logger>ESPlorer.ESPlorer</logger>
  <level>INFO</level>
  <class>ESPlorer.ESPlorer</class>
  <method>log</method>
  <thread>38</thread>
  <message>recv:2&gt;&gt;</message>
</record>
<record>
  <date>2015-02-04T20:09:52</date>
  <millis>1423080592307</millis>
  <sequence>254</sequence>
  <logger>ESPlorer.ESPlorer</logger>
  <level>INFO</level>
  <class>ESPlorer.ESPlorer</class>
  <method>log</method>
  <thread>38</thread>
  <message>recv: </message>
</record>
<record>
  <date>2015-02-04T20:09:52</date>
  <millis>1423080592381</millis>
  <sequence>255</sequence>
  <logger>ESPlorer.ESPlorer</logger>
  <level>INFO</level>
  <class>ESPlorer.ESPlorer</class>
  <method>log</method>
  <thread>38</thread>
  <message>recv:e</message>
</record>
<record>
  <date>2015-02-04T20:09:52</date>
  <millis>1423080592384</millis>
  <sequence>256</sequence>
  <logger>ESPlorer.ESPlorer</logger>
  <level>INFO</level>
  <class>ESPlorer.ESPlorer</class>
  <method>log</method>
  <thread>38</thread>
  <message>recv:nd</message>
</record>
<record>
  <date>2015-02-04T20:09:52</date>
  <millis>1423080592387</millis>
  <sequence>257</sequence>
  <logger>ESPlorer.ESPlorer</logger>
  <level>INFO</level>
  <class>ESPlorer.ESPlorer</class>
  <method>log</method>
  <thread>38</thread>
  <message>recv:
</message>
</record>
<record>
  <date>2015-02-04T20:09:52</date>
  <millis>1423080592400</millis>
  <sequence>258</sequence>
  <logger>ESPlorer.ESPlorer</logger>
  <level>INFO</level>
  <class>ESPlorer.ESPlorer</class>
  <method>log</method>
  <thread>12</thread>
  <message>send:wifi.sta.getap(listap)&lt;CR&gt;&lt;LF&gt;</message>
</record>
<record>
  <date>2015-02-04T20:09:52</date>
  <millis>1423080592471</millis>
  <sequence>259</sequence>
  <logger>ESPlorer.ESPlorer</logger>
  <level>INFO</level>
  <class>ESPlorer.ESPlorer</class>
  <method>log</method>
  <thread>38</thread>
  <message>recv:1</message>
</record>
<record>
  <date>2015-02-04T20:09:52</date>
  <millis>1423080592476</millis>
  <sequence>260</sequence>
  <logger>ESPlorer.ESPlorer</logger>
  <level>INFO</level>
  <class>ESPlorer.ESPlorer</class>
  <method>log</method>
  <thread>38</thread>
  <message>recv:2&gt; </message>
</record>
<record>
  <date>2015-02-04T20:09:52</date>
  <millis>1423080592550</millis>
  <sequence>261</sequence>
  <logger>ESPlorer.ESPlorer</logger>
  <level>INFO</level>
  <class>ESPlorer.ESPlorer</class>
  <method>log</method>
  <thread>38</thread>
  <message>recv:w</message>
</record>
<record>
  <date>2015-02-04T20:09:52</date>
  <millis>1423080592553</millis>
  <sequence>262</sequence>
  <logger>ESPlorer.ESPlorer</logger>
  <level>INFO</level>
  <class>ESPlorer.ESPlorer</class>
  <method>log</method>
  <thread>38</thread>
  <message>recv:ifi</message>
</record>
<record>
  <date>2015-02-04T20:09:52</date>
  <millis>1423080592562</millis>
  <sequence>263</sequence>
  <logger>ESPlorer.ESPlorer</logger>
  <level>INFO</level>
  <class>ESPlorer.ESPlorer</class>
  <method>log</method>
  <thread>38</thread>
  <message>recv:.sta.get</message>
</record>
<record>
  <date>2015-02-04T20:09:52</date>
  <millis>1423080592570</millis>
  <sequence>264</sequence>
  <logger>ESPlorer.ESPlorer</logger>
  <level>INFO</level>
  <class>ESPlorer.ESPlorer</class>
  <method>log</method>
  <thread>38</thread>
  <message>recv:ap(lista</message>
</record>
<record>
  <date>2015-02-04T20:09:52</date>
  <millis>1423080592574</millis>
  <sequence>265</sequence>
  <logger>ESPlorer.ESPlorer</logger>
  <level>INFO</level>
  <class>ESPlorer.ESPlorer</class>
  <method>log</method>
  <thread>38</thread>
  <message>recv:p)&lt;CR&gt;&lt;LF&gt;</message>
</record>
<record>
  <date>2015-02-04T20:09:52</date>
  <millis>1423080592602</millis>
  <sequence>266</sequence>
  <logger>ESPlorer.ESPlorer</logger>
  <level>INFO</level>
  <class>ESPlorer.ESPlorer</class>
  <method>log</method>
  <thread>38</thread>
  <message>DataSender: Done. Duration = 1072 ms</message>
</record>
<record>
  <date>2015-02-04T20:12:01</date>
  <millis>1423080721026</millis>
  <sequence>267</sequence>
  <logger>ESPlorer.ESPlorer</logger>
  <level>INFO</level>
  <class>ESPlorer.ESPlorer</class>
  <method>log</method>
  <thread>12</thread>
  <message>DataSender: start "Smart Mode"</message>
</record>
<record>
  <date>2015-02-04T20:12:01</date>
  <millis>1423080721027</millis>
  <sequence>268</sequence>
  <logger>ESPlorer.ESPlorer</logger>
  <level>INFO</level>
  <class>ESPlorer.ESPlorer</class>
  <method>log</method>
  <thread>12</thread>
  <message>SendToESP: Starting...</message>
</record>
<record>
  <date>2015-02-04T20:12:01</date>
  <millis>1423080721059</millis>
  <sequence>269</sequence>
  <logger>ESPlorer.ESPlorer</logger>
  <level>INFO</level>
  <class>ESPlorer.ESPlorer</class>
  <method>log</method>
  <thread>12</thread>
  <message>send:print(wifi.getmode())&lt;CR&gt;&lt;LF&gt;</message>
</record>
<record>
  <date>2015-02-04T20:12:01</date>
  <millis>1423080721134</millis>
  <sequence>270</sequence>
  <logger>ESPlorer.ESPlorer</logger>
  <level>INFO</level>
  <class>ESPlorer.ESPlorer</class>
  <method>log</method>
  <thread>40</thread>
  <message>recv:p</message>
</record>
<record>
  <date>2015-02-04T20:12:01</date>
  <millis>1423080721137</millis>
  <sequence>271</sequence>
  <logger>ESPlorer.ESPlorer</logger>
  <level>INFO</level>
  <class>ESPlorer.ESPlorer</class>
  <method>log</method>
  <thread>40</thread>
  <message>recv:rin</message>
</record>
<record>
  <date>2015-02-04T20:12:01</date>
  <millis>1423080721140</millis>
  <sequence>272</sequence>
  <logger>ESPlorer.ESPlorer</logger>
  <level>INFO</level>
  <class>ESPlorer.ESPlorer</class>
  <method>log</method>
  <thread>40</thread>
  <message>recv:t</message>
</record>
<record>
  <date>2015-02-04T20:12:01</date>
  <millis>1423080721144</millis>
  <sequence>273</sequence>
  <logger>ESPlorer.ESPlorer</logger>
  <level>INFO</level>
  <class>ESPlorer.ESPlorer</class>
  <method>log</method>
  <thread>40</thread>
  <message>recv:(wifi</message>
</record>
<record>
  <date>2015-02-04T20:12:01</date>
  <millis>1423080721152</millis>
  <sequence>274</sequence>
  <logger>ESPlorer.ESPlorer</logger>
  <level>INFO</level>
  <class>ESPlorer.ESPlorer</class>
  <method>log</method>
  <thread>40</thread>
  <message>recv:.getmode</message>
</record>
<record>
  <date>2015-02-04T20:12:01</date>
  <millis>1423080721158</millis>
  <sequence>275</sequence>
  <logger>ESPlorer.ESPlorer</logger>
  <level>INFO</level>
  <class>ESPlorer.ESPlorer</class>
  <method>log</method>
  <thread>40</thread>
  <message>recv:())&lt;CR&gt;&lt;LF&gt;</message>
</record>
<record>
  <date>2015-02-04T20:12:01</date>
  <millis>1423080721179</millis>
  <sequence>276</sequence>
  <logger>ESPlorer.ESPlorer</logger>
  <level>INFO</level>
  <class>ESPlorer.ESPlorer</class>
  <method>log</method>
  <thread>12</thread>
  <message>send:print(wifi.sta.getip())&lt;CR&gt;&lt;LF&gt;</message>
</record>
<record>
  <date>2015-02-04T20:12:01</date>
  <millis>1423080721219</millis>
  <sequence>277</sequence>
  <logger>ESPlorer.ESPlorer</logger>
  <level>INFO</level>
  <class>ESPlorer.ESPlorer</class>
  <method>log</method>
  <thread>40</thread>
  <message>recv:3</message>
</record>
<record>
  <date>2015-02-04T20:12:01</date>
  <millis>1423080721222</millis>
  <sequence>278</sequence>
  <logger>ESPlorer.ESPlorer</logger>
  <level>INFO</level>
  <class>ESPlorer.ESPlorer</class>
  <method>log</method>
  <thread>40</thread>
  <message>recv:&lt;CR&gt;&lt;LF&gt;12</message>
</record>
<record>
  <date>2015-02-04T20:12:01</date>
  <millis>1423080721226</millis>
  <sequence>279</sequence>
  <logger>ESPlorer.ESPlorer</logger>
  <level>INFO</level>
  <class>ESPlorer.ESPlorer</class>
  <method>log</method>
  <thread>40</thread>
  <message>recv:&gt; </message>
</record>
<record>
  <date>2015-02-04T20:12:01</date>
  <millis>1423080721299</millis>
  <sequence>280</sequence>
  <logger>ESPlorer.ESPlorer</logger>
  <level>INFO</level>
  <class>ESPlorer.ESPlorer</class>
  <method>log</method>
  <thread>40</thread>
  <message>recv:p</message>
</record>
<record>
  <date>2015-02-04T20:12:01</date>
  <millis>1423080721303</millis>
  <sequence>281</sequence>
  <logger>ESPlorer.ESPlorer</logger>
  <level>INFO</level>
  <class>ESPlorer.ESPlorer</class>
  <method>log</method>
  <thread>40</thread>
  <message>recv:rin</message>
</record>
<record>
  <date>2015-02-04T20:12:01</date>
  <millis>1423080721307</millis>
  <sequence>282</sequence>
  <logger>ESPlorer.ESPlorer</logger>
  <level>INFO</level>
  <class>ESPlorer.ESPlorer</class>
  <method>log</method>
  <thread>40</thread>
  <message>recv:t(wi</message>
</record>
<record>
  <date>2015-02-04T20:12:01</date>
  <millis>1423080721315</millis>
  <sequence>283</sequence>
  <logger>ESPlorer.ESPlorer</logger>
  <level>INFO</level>
  <class>ESPlorer.ESPlorer</class>
  <method>log</method>
  <thread>40</thread>
  <message>recv:fi.sta.g</message>
</record>
<record>
  <date>2015-02-04T20:12:01</date>
  <millis>1423080721319</millis>
  <sequence>284</sequence>
  <logger>ESPlorer.ESPlorer</logger>
  <level>INFO</level>
  <class>ESPlorer.ESPlorer</class>
  <method>log</method>
  <thread>40</thread>
  <message>recv:etip</message>
</record>
<record>
  <date>2015-02-04T20:12:01</date>
  <millis>1423080721323</millis>
  <sequence>285</sequence>
  <logger>ESPlorer.ESPlorer</logger>
  <level>INFO</level>
  <class>ESPlorer.ESPlorer</class>
  <method>log</method>
  <thread>40</thread>
  <message>recv:())</message>
</record>
<record>
  <date>2015-02-04T20:12:01</date>
  <millis>1423080721351</millis>
  <sequence>286</sequence>
  <logger>ESPlorer.ESPlorer</logger>
  <level>INFO</level>
  <class>ESPlorer.ESPlorer</class>
  <method>log</method>
  <thread>40</thread>
  <message>DataSender: Done. Duration = 342 ms</message>
</record>
<record>
  <date>2015-02-04T20:13:06</date>
  <millis>1423080786183</millis>
  <sequence>287</sequence>
  <logger>ESPlorer.ESPlorer</logger>
  <level>INFO</level>
  <class>ESPlorer.ESPlorer</class>
  <method>log</method>
  <thread>12</thread>
  <message>DataSender: start "Smart Mode"</message>
</record>
<record>
  <date>2015-02-04T20:13:06</date>
  <millis>1423080786184</millis>
  <sequence>288</sequence>
  <logger>ESPlorer.ESPlorer</logger>
  <level>INFO</level>
  <class>ESPlorer.ESPlorer</class>
  <method>log</method>
  <thread>12</thread>
  <message>SendToESP: Starting...</message>
</record>
<record>
  <date>2015-02-04T20:13:06</date>
  <millis>1423080786214</millis>
  <sequence>289</sequence>
  <logger>ESPlorer.ESPlorer</logger>
  <level>INFO</level>
  <class>ESPlorer.ESPlorer</class>
  <method>log</method>
  <thread>12</thread>
  <message>send:print(node.heap())&lt;CR&gt;&lt;LF&gt;</message>
</record>
<record>
  <date>2015-02-04T20:13:06</date>
  <millis>1423080786295</millis>
  <sequence>290</sequence>
  <logger>ESPlorer.ESPlorer</logger>
  <level>INFO</level>
  <class>ESPlorer.ESPlorer</class>
  <method>log</method>
  <thread>42</thread>
  <message>recv:p</message>
</record>
<record>
  <date>2015-02-04T20:13:06</date>
  <millis>1423080786298</millis>
  <sequence>291</sequence>
  <logger>ESPlorer.ESPlorer</logger>
  <level>INFO</level>
  <class>ESPlorer.ESPlorer</class>
  <method>log</method>
  <thread>42</thread>
  <message>recv:rin</message>
</record>
<record>
  <date>2015-02-04T20:13:06</date>
  <millis>1423080786300</millis>
  <sequence>292</sequence>
  <logger>ESPlorer.ESPlorer</logger>
  <level>INFO</level>
  <class>ESPlorer.ESPlorer</class>
  <method>log</method>
  <thread>42</thread>
  <message>recv:t(</message>
</record>
<record>
  <date>2015-02-04T20:13:06</date>
  <millis>1423080786316</millis>
  <sequence>293</sequence>
  <logger>ESPlorer.ESPlorer</logger>
  <level>INFO</level>
  <class>ESPlorer.ESPlorer</class>
  <method>log</method>
  <thread>42</thread>
  <message>recv:node.heap())&lt;CR&gt;&lt;LF&gt;</message>
</record>
<record>
  <date>2015-02-04T20:13:06</date>
  <millis>1423080786346</millis>
  <sequence>294</sequence>
  <logger>ESPlorer.ESPlorer</logger>
  <level>INFO</level>
  <class>ESPlorer.ESPlorer</class>
  <method>log</method>
  <thread>42</thread>
  <message>DataSender: Done. Duration = 177 ms</message>
</record>
